Determining if the pthread_create exist failed with the following output:
Change Dir: /tmp/marcos/spack-stage/spack-stage-fPQgje/chameleon-0.9.1/spack-build/CMakeFiles/CMakeTmp

Run Build Command:"/usr/bin/gmake" "cmTC_4b693/fast"
/usr/bin/gmake -f CMakeFiles/cmTC_4b693.dir/build.make CMakeFiles/cmTC_4b693.dir/build
gmake[1]: Entering directory `/tmp/marcos/spack-stage/spack-stage-fPQgje/chameleon-0.9.1/spack-build/CMakeFiles/CMakeTmp'
Building C object CMakeFiles/cmTC_4b693.dir/CheckSymbolExists.c.o
/home/marcos/chameleon/spack/lib/spack/env/gcc/gcc     -o CMakeFiles/cmTC_4b693.dir/CheckSymbolExists.c.o   -c /tmp/marcos/spack-stage/spack-stage-fPQgje/chameleon-0.9.1/spack-build/CMakeFiles/CMakeTmp/CheckSymbolExists.c
Linking C executable cmTC_4b693
/home/marcos/chameleon/spack/opt/spack/linux-x86_64/gcc-4.8.5/cmake-3.7.2-wxxosgus6wenpd7b6wowwmtx3dii66m7/bin/cmake -E cmake_link_script CMakeFiles/cmTC_4b693.dir/link.txt --verbose=1
/home/marcos/chameleon/spack/lib/spack/env/gcc/gcc     -lgfortran  CMakeFiles/cmTC_4b693.dir/CheckSymbolExists.c.o  -o cmTC_4b693 -rdynamic 
CMakeFiles/cmTC_4b693.dir/CheckSymbolExists.c.o: In function `main':
CheckSymbolExists.c:(.text+0x16): undefined reference to `pthread_create'
collect2: error: ld returned 1 exit status
gmake[1]: *** [cmTC_4b693] Error 1
gmake[1]: Leaving directory `/tmp/marcos/spack-stage/spack-stage-fPQgje/chameleon-0.9.1/spack-build/CMakeFiles/CMakeTmp'
gmake: *** [cmTC_4b693/fast] Error 2

File /tmp/marcos/spack-stage/spack-stage-fPQgje/chameleon-0.9.1/spack-build/CMakeFiles/CMakeTmp/CheckSymbolExists.c:
/* */
#include <pthread.h>

int main(int argc, char** argv)
{
  (void)argv;
#ifndef pthread_create
  return ((int*)(&pthread_create))[argc];
#else
  (void)argc;
  return 0;
#endif
}

Determining if the function pthread_create exists in the pthreads failed with the following output:
Change Dir: /tmp/marcos/spack-stage/spack-stage-fPQgje/chameleon-0.9.1/spack-build/CMakeFiles/CMakeTmp

Run Build Command:"/usr/bin/gmake" "cmTC_09ce0/fast"
/usr/bin/gmake -f CMakeFiles/cmTC_09ce0.dir/build.make CMakeFiles/cmTC_09ce0.dir/build
gmake[1]: Entering directory `/tmp/marcos/spack-stage/spack-stage-fPQgje/chameleon-0.9.1/spack-build/CMakeFiles/CMakeTmp'
Building C object CMakeFiles/cmTC_09ce0.dir/CheckFunctionExists.c.o
/home/marcos/chameleon/spack/lib/spack/env/gcc/gcc    -DCHECK_FUNCTION_EXISTS=pthread_create   -o CMakeFiles/cmTC_09ce0.dir/CheckFunctionExists.c.o   -c /home/marcos/chameleon/spack/opt/spack/linux-x86_64/gcc-4.8.5/cmake-3.7.2-wxxosgus6wenpd7b6wowwmtx3dii66m7/share/cmake-3.7/Modules/CheckFunctionExists.c
Linking C executable cmTC_09ce0
/home/marcos/chameleon/spack/opt/spack/linux-x86_64/gcc-4.8.5/cmake-3.7.2-wxxosgus6wenpd7b6wowwmtx3dii66m7/bin/cmake -E cmake_link_script CMakeFiles/cmTC_09ce0.dir/link.txt --verbose=1
/home/marcos/chameleon/spack/lib/spack/env/gcc/gcc   -DCHECK_FUNCTION_EXISTS=pthread_create  -lgfortran  CMakeFiles/cmTC_09ce0.dir/CheckFunctionExists.c.o  -o cmTC_09ce0 -rdynamic -lpthreads 
/usr/bin/ld: cannot find -lpthreads
collect2: error: ld returned 1 exit status
gmake[1]: *** [cmTC_09ce0] Error 1
gmake[1]: Leaving directory `/tmp/marcos/spack-stage/spack-stage-fPQgje/chameleon-0.9.1/spack-build/CMakeFiles/CMakeTmp'
gmake: *** [cmTC_09ce0/fast] Error 2


