The system is: Linux - 3.10.0-693.2.2.el7.x86_64 - x86_64
Compiling the Fortran compiler identification source file "CMakeFortranCompilerId.F" succeeded.
Compiler: /home/marcos/chameleon/spack/lib/spack/env/gcc/gfortran 
Build flags: 
Id flags: -v

The output was:
0
Driving: /usr/bin/gfortran -v CMakeFortranCompilerId.F -l gfortran -l m -shared-libgcc
Using built-in specs.
COLLECT_GCC=/usr/bin/gfortran
COLLECT_LTO_WRAPPER=/usr/libexec/gcc/x86_64-redhat-linux/4.8.5/lto-wrapper
Target: x86_64-redhat-linux
Configured with: ../configure --prefix=/usr --mandir=/usr/share/man --infodir=/usr/share/info --with-bugurl=http://bugzilla.redhat.com/bugzilla --enable-bootstrap --enable-shared --enable-threads=posix --enable-checking=release --with-system-zlib --enable-__cxa_atexit --disable-libunwind-exceptions --enable-gnu-unique-object --enable-linker-build-id --with-linker-hash-style=gnu --enable-languages=c,c++,objc,obj-c++,java,fortran,ada,go,lto --enable-plugin --enable-initfini-array --disable-libgcj --with-isl=/builddir/build/BUILD/gcc-4.8.5-20150702/obj-x86_64-redhat-linux/isl-install --with-cloog=/builddir/build/BUILD/gcc-4.8.5-20150702/obj-x86_64-redhat-linux/cloog-install --enable-gnu-indirect-function --with-tune=generic --with-arch_32=x86-64 --build=x86_64-redhat-linux
Thread model: posix
gcc version 4.8.5 20150623 (Red Hat 4.8.5-16) (GCC) 
COLLECT_GCC_OPTIONS='-v' '-shared-libgcc' '-mtune=generic' '-march=x86-64'
 /usr/libexec/gcc/x86_64-redhat-linux/4.8.5/f951 CMakeFortranCompilerId.F -ffixed-form -cpp=/tmp/ccBlu3O4.f90 -quiet -v CMakeFortranCompilerId.F -quiet -dumpbase CMakeFortranCompilerId.F -mtune=generic -march=x86-64 -auxbase CMakeFortranCompilerId -version -fintrinsic-modules-path /usr/lib/gcc/x86_64-redhat-linux/4.8.5/finclude -o /tmp/ccAi1azk.s
GNU Fortran (GCC) version 4.8.5 20150623 (Red Hat 4.8.5-16) (x86_64-redhat-linux)
	compiled by GNU C version 4.8.5 20150623 (Red Hat 4.8.5-16), GMP version 6.0.0, MPFR version 3.1.1, MPC version 1.0.1
GGC heuristics: --param ggc-min-expand=100 --param ggc-min-heapsize=131072
ignoring nonexistent directory "/usr/lib/gcc/x86_64-redhat-linux/4.8.5/include-fixed"
ignoring nonexistent directory "/usr/lib/gcc/x86_64-redhat-linux/4.8.5/../../../../x86_64-redhat-linux/include"
#include "..." search starts here:
#include <...> search starts here:
 /usr/lib/gcc/x86_64-redhat-linux/4.8.5/finclude
 /usr/lib/gcc/x86_64-redhat-linux/4.8.5/include
 /usr/local/include
 /usr/include
End of search list.
GNU Fortran (GCC) version 4.8.5 20150623 (Red Hat 4.8.5-16) (x86_64-redhat-linux)
	compiled by GNU C version 4.8.5 20150623 (Red Hat 4.8.5-16), GMP version 6.0.0, MPFR version 3.1.1, MPC version 1.0.1
GGC heuristics: --param ggc-min-expand=100 --param ggc-min-heapsize=131072
COLLECT_GCC_OPTIONS='-v' '-shared-libgcc' '-mtune=generic' '-march=x86-64'
 as -v --64 -o /tmp/ccnTBvoA.o /tmp/ccAi1azk.s
GNU assembler version 2.25.1 (x86_64-redhat-linux) using BFD version version 2.25.1-32.base.el7_4.1 
Reading specs from /usr/lib/gcc/x86_64-redhat-linux/4.8.5/libgfortran.spec
rename spec lib to liborig
COLLECT_GCC_OPTIONS='-v' '-shared-libgcc' '-mtune=generic' '-march=x86-64'
COMPILER_PATH=/usr/libexec/gcc/x86_64-redhat-linux/4.8.5/:/usr/libexec/gcc/x86_64-redhat-linux/4.8.5/:/usr/libexec/gcc/x86_64-redhat-linux/:/usr/lib/gcc/x86_64-redhat-linux/4.8.5/:/usr/lib/gcc/x86_64-redhat-linux/
LIBRARY_PATH=/usr/lib/gcc/x86_64-redhat-linux/4.8.5/:/usr/lib/gcc/x86_64-redhat-linux/4.8.5/../../../../lib64/:/lib/../lib64/:/usr/lib/../lib64/:/usr/lib/gcc/x86_64-redhat-linux/4.8.5/../../../:/lib/:/usr/lib/
COLLECT_GCC_OPTIONS='-v' '-shared-libgcc' '-mtune=generic' '-march=x86-64'
 /usr/libexec/gcc/x86_64-redhat-linux/4.8.5/collect2 --build-id --no-add-needed --eh-frame-hdr --hash-style=gnu -m elf_x86_64 -dynamic-linker /lib64/ld-linux-x86-64.so.2 /usr/lib/gcc/x86_64-redhat-linux/4.8.5/../../../../lib64/crt1.o /usr/lib/gcc/x86_64-redhat-linux/4.8.5/../../../../lib64/crti.o /usr/lib/gcc/x86_64-redhat-linux/4.8.5/crtbegin.o -L/usr/lib/gcc/x86_64-redhat-linux/4.8.5 -L/usr/lib/gcc/x86_64-redhat-linux/4.8.5/../../../../lib64 -L/lib/../lib64 -L/usr/lib/../lib64 -L/usr/lib/gcc/x86_64-redhat-linux/4.8.5/../../.. /tmp/ccnTBvoA.o -lgfortran -lm -lgcc_s -lgcc -lquadmath -lm -lgcc_s -lgcc -lc -lgcc_s -lgcc /usr/lib/gcc/x86_64-redhat-linux/4.8.5/crtend.o /usr/lib/gcc/x86_64-redhat-linux/4.8.5/../../../../lib64/crtn.o


Compilation of the Fortran compiler identification source "CMakeFortranCompilerId.F" produced "a.out"

The Fortran compiler identification is GNU, found in "/tmp/marcos/spack-stage/spack-stage-fPQgje/chameleon-0.9.1/spack-build/CMakeFiles/3.7.2/CompilerIdFortran/a.out"

Compiling the C compiler identification source file "CMakeCCompilerId.c" succeeded.
Compiler: /home/marcos/chameleon/spack/lib/spack/env/gcc/gcc 
Build flags: 
Id flags: 

The output was:
0


Compilation of the C compiler identification source "CMakeCCompilerId.c" produced "a.out"

The C compiler identification is GNU, found in "/tmp/marcos/spack-stage/spack-stage-fPQgje/chameleon-0.9.1/spack-build/CMakeFiles/3.7.2/CompilerIdC/a.out"

Compiling the CXX compiler identification source file "CMakeCXXCompilerId.cpp" succeeded.
Compiler: /home/marcos/chameleon/spack/lib/spack/env/gcc/g++ 
Build flags: 
Id flags: 

The output was:
0


Compilation of the CXX compiler identification source "CMakeCXXCompilerId.cpp" produced "a.out"

The CXX compiler identification is GNU, found in "/tmp/marcos/spack-stage/spack-stage-fPQgje/chameleon-0.9.1/spack-build/CMakeFiles/3.7.2/CompilerIdCXX/a.out"

Determining if the Fortran compiler works passed with the following output:
Change Dir: /tmp/marcos/spack-stage/spack-stage-fPQgje/chameleon-0.9.1/spack-build/CMakeFiles/CMakeTmp

Run Build Command:"/usr/bin/gmake" "cmTC_6b154/fast"
/usr/bin/gmake -f CMakeFiles/cmTC_6b154.dir/build.make CMakeFiles/cmTC_6b154.dir/build
gmake[1]: Entering directory `/tmp/marcos/spack-stage/spack-stage-fPQgje/chameleon-0.9.1/spack-build/CMakeFiles/CMakeTmp'
Building Fortran object CMakeFiles/cmTC_6b154.dir/testFortranCompiler.f.o
/home/marcos/chameleon/spack/lib/spack/env/gcc/gfortran     -c /tmp/marcos/spack-stage/spack-stage-fPQgje/chameleon-0.9.1/spack-build/CMakeFiles/CMakeTmp/testFortranCompiler.f -o CMakeFiles/cmTC_6b154.dir/testFortranCompiler.f.o
Linking Fortran executable cmTC_6b154
/home/marcos/chameleon/spack/opt/spack/linux-x86_64/gcc-4.8.5/cmake-3.7.2-wxxosgus6wenpd7b6wowwmtx3dii66m7/bin/cmake -E cmake_link_script CMakeFiles/cmTC_6b154.dir/link.txt --verbose=1
/home/marcos/chameleon/spack/lib/spack/env/gcc/gfortran   -lgfortran    CMakeFiles/cmTC_6b154.dir/testFortranCompiler.f.o  -o cmTC_6b154  
gmake[1]: Leaving directory `/tmp/marcos/spack-stage/spack-stage-fPQgje/chameleon-0.9.1/spack-build/CMakeFiles/CMakeTmp'


Detecting Fortran compiler ABI info compiled with the following output:
Change Dir: /tmp/marcos/spack-stage/spack-stage-fPQgje/chameleon-0.9.1/spack-build/CMakeFiles/CMakeTmp

Run Build Command:"/usr/bin/gmake" "cmTC_1f78b/fast"
/usr/bin/gmake -f CMakeFiles/cmTC_1f78b.dir/build.make CMakeFiles/cmTC_1f78b.dir/build
gmake[1]: Entering directory `/tmp/marcos/spack-stage/spack-stage-fPQgje/chameleon-0.9.1/spack-build/CMakeFiles/CMakeTmp'
Building Fortran object CMakeFiles/cmTC_1f78b.dir/CMakeFortranCompilerABI.F.o
/home/marcos/chameleon/spack/lib/spack/env/gcc/gfortran     -c /home/marcos/chameleon/spack/opt/spack/linux-x86_64/gcc-4.8.5/cmake-3.7.2-wxxosgus6wenpd7b6wowwmtx3dii66m7/share/cmake-3.7/Modules/CMakeFortranCompilerABI.F -o CMakeFiles/cmTC_1f78b.dir/CMakeFortranCompilerABI.F.o
Linking Fortran executable cmTC_1f78b
/home/marcos/chameleon/spack/opt/spack/linux-x86_64/gcc-4.8.5/cmake-3.7.2-wxxosgus6wenpd7b6wowwmtx3dii66m7/bin/cmake -E cmake_link_script CMakeFiles/cmTC_1f78b.dir/link.txt --verbose=1
/home/marcos/chameleon/spack/lib/spack/env/gcc/gfortran   -lgfortran -v   CMakeFiles/cmTC_1f78b.dir/CMakeFortranCompilerABI.F.o  -o cmTC_1f78b   
Driving: /usr/bin/gfortran -l gfortran -l m -v CMakeFiles/cmTC_1f78b.dir/CMakeFortranCompilerABI.F.o -o cmTC_1f78b -l gfortran -l m -shared-libgcc
Using built-in specs.
COLLECT_GCC=/usr/bin/gfortran
COLLECT_LTO_WRAPPER=/usr/libexec/gcc/x86_64-redhat-linux/4.8.5/lto-wrapper
Target: x86_64-redhat-linux
Configured with: ../configure --prefix=/usr --mandir=/usr/share/man --infodir=/usr/share/info --with-bugurl=http://bugzilla.redhat.com/bugzilla --enable-bootstrap --enable-shared --enable-threads=posix --enable-checking=release --with-system-zlib --enable-__cxa_atexit --disable-libunwind-exceptions --enable-gnu-unique-object --enable-linker-build-id --with-linker-hash-style=gnu --enable-languages=c,c++,objc,obj-c++,java,fortran,ada,go,lto --enable-plugin --enable-initfini-array --disable-libgcj --with-isl=/builddir/build/BUILD/gcc-4.8.5-20150702/obj-x86_64-redhat-linux/isl-install --with-cloog=/builddir/build/BUILD/gcc-4.8.5-20150702/obj-x86_64-redhat-linux/cloog-install --enable-gnu-indirect-function --with-tune=generic --with-arch_32=x86-64 --build=x86_64-redhat-linux
Thread model: posix
gcc version 4.8.5 20150623 (Red Hat 4.8.5-16) (GCC) 
Reading specs from /usr/lib/gcc/x86_64-redhat-linux/4.8.5/libgfortran.spec
rename spec lib to liborig
COLLECT_GCC_OPTIONS='-v' '-o' 'cmTC_1f78b' '-shared-libgcc' '-mtune=generic' '-march=x86-64'
COMPILER_PATH=/usr/libexec/gcc/x86_64-redhat-linux/4.8.5/:/usr/libexec/gcc/x86_64-redhat-linux/4.8.5/:/usr/libexec/gcc/x86_64-redhat-linux/:/usr/lib/gcc/x86_64-redhat-linux/4.8.5/:/usr/lib/gcc/x86_64-redhat-linux/
LIBRARY_PATH=/usr/lib/gcc/x86_64-redhat-linux/4.8.5/:/usr/lib/gcc/x86_64-redhat-linux/4.8.5/../../../../lib64/:/lib/../lib64/:/usr/lib/../lib64/:/usr/lib/gcc/x86_64-redhat-linux/4.8.5/../../../:/lib/:/usr/lib/
COLLECT_GCC_OPTIONS='-v' '-o' 'cmTC_1f78b' '-shared-libgcc' '-mtune=generic' '-march=x86-64'
 /usr/libexec/gcc/x86_64-redhat-linux/4.8.5/collect2 --build-id --no-add-needed --eh-frame-hdr --hash-style=gnu -m elf_x86_64 -dynamic-linker /lib64/ld-linux-x86-64.so.2 -o cmTC_1f78b /usr/lib/gcc/x86_64-redhat-linux/4.8.5/../../../../lib64/crt1.o /usr/lib/gcc/x86_64-redhat-linux/4.8.5/../../../../lib64/crti.o /usr/lib/gcc/x86_64-redhat-linux/4.8.5/crtbegin.o -L/usr/lib/gcc/x86_64-redhat-linux/4.8.5 -L/usr/lib/gcc/x86_64-redhat-linux/4.8.5/../../../../lib64 -L/lib/../lib64 -L/usr/lib/../lib64 -L/usr/lib/gcc/x86_64-redhat-linux/4.8.5/../../.. -lgfortran -lm CMakeFiles/cmTC_1f78b.dir/CMakeFortranCompilerABI.F.o -lgfortran -lm -lgcc_s -lgcc -lquadmath -lm -lgcc_s -lgcc -lc -lgcc_s -lgcc /usr/lib/gcc/x86_64-redhat-linux/4.8.5/crtend.o /usr/lib/gcc/x86_64-redhat-linux/4.8.5/../../../../lib64/crtn.o
gmake[1]: Leaving directory `/tmp/marcos/spack-stage/spack-stage-fPQgje/chameleon-0.9.1/spack-build/CMakeFiles/CMakeTmp'


Parsed Fortran implicit link information from above output:
  link line regex: [^( *|.*[/\])(ld|([^/\]+-)?ld|collect2)[^/\]*( |$)]
  ignore line: [Change Dir: /tmp/marcos/spack-stage/spack-stage-fPQgje/chameleon-0.9.1/spack-build/CMakeFiles/CMakeTmp]
  ignore line: []
  ignore line: [Run Build Command:"/usr/bin/gmake" "cmTC_1f78b/fast"]
  ignore line: [/usr/bin/gmake -f CMakeFiles/cmTC_1f78b.dir/build.make CMakeFiles/cmTC_1f78b.dir/build]
  ignore line: [gmake[1]: Entering directory `/tmp/marcos/spack-stage/spack-stage-fPQgje/chameleon-0.9.1/spack-build/CMakeFiles/CMakeTmp']
  ignore line: [Building Fortran object CMakeFiles/cmTC_1f78b.dir/CMakeFortranCompilerABI.F.o]
  ignore line: [/home/marcos/chameleon/spack/lib/spack/env/gcc/gfortran     -c /home/marcos/chameleon/spack/opt/spack/linux-x86_64/gcc-4.8.5/cmake-3.7.2-wxxosgus6wenpd7b6wowwmtx3dii66m7/share/cmake-3.7/Modules/CMakeFortranCompilerABI.F -o CMakeFiles/cmTC_1f78b.dir/CMakeFortranCompilerABI.F.o]
  ignore line: [Linking Fortran executable cmTC_1f78b]
  ignore line: [/home/marcos/chameleon/spack/opt/spack/linux-x86_64/gcc-4.8.5/cmake-3.7.2-wxxosgus6wenpd7b6wowwmtx3dii66m7/bin/cmake -E cmake_link_script CMakeFiles/cmTC_1f78b.dir/link.txt --verbose=1]
  ignore line: [/home/marcos/chameleon/spack/lib/spack/env/gcc/gfortran   -lgfortran -v   CMakeFiles/cmTC_1f78b.dir/CMakeFortranCompilerABI.F.o  -o cmTC_1f78b   ]
  ignore line: [Driving: /usr/bin/gfortran -l gfortran -l m -v CMakeFiles/cmTC_1f78b.dir/CMakeFortranCompilerABI.F.o -o cmTC_1f78b -l gfortran -l m -shared-libgcc]
  ignore line: [Using built-in specs.]
  ignore line: [COLLECT_GCC=/usr/bin/gfortran]
  ignore line: [COLLECT_LTO_WRAPPER=/usr/libexec/gcc/x86_64-redhat-linux/4.8.5/lto-wrapper]
  ignore line: [Target: x86_64-redhat-linux]
  ignore line: [Configured with: ../configure --prefix=/usr --mandir=/usr/share/man --infodir=/usr/share/info --with-bugurl=http://bugzilla.redhat.com/bugzilla --enable-bootstrap --enable-shared --enable-threads=posix --enable-checking=release --with-system-zlib --enable-__cxa_atexit --disable-libunwind-exceptions --enable-gnu-unique-object --enable-linker-build-id --with-linker-hash-style=gnu --enable-languages=c,c++,objc,obj-c++,java,fortran,ada,go,lto --enable-plugin --enable-initfini-array --disable-libgcj --with-isl=/builddir/build/BUILD/gcc-4.8.5-20150702/obj-x86_64-redhat-linux/isl-install --with-cloog=/builddir/build/BUILD/gcc-4.8.5-20150702/obj-x86_64-redhat-linux/cloog-install --enable-gnu-indirect-function --with-tune=generic --with-arch_32=x86-64 --build=x86_64-redhat-linux]
  ignore line: [Thread model: posix]
  ignore line: [gcc version 4.8.5 20150623 (Red Hat 4.8.5-16) (GCC) ]
  ignore line: [Reading specs from /usr/lib/gcc/x86_64-redhat-linux/4.8.5/libgfortran.spec]
  ignore line: [rename spec lib to liborig]
  ignore line: [COLLECT_GCC_OPTIONS='-v' '-o' 'cmTC_1f78b' '-shared-libgcc' '-mtune=generic' '-march=x86-64']
  ignore line: [COMPILER_PATH=/usr/libexec/gcc/x86_64-redhat-linux/4.8.5/:/usr/libexec/gcc/x86_64-redhat-linux/4.8.5/:/usr/libexec/gcc/x86_64-redhat-linux/:/usr/lib/gcc/x86_64-redhat-linux/4.8.5/:/usr/lib/gcc/x86_64-redhat-linux/]
  ignore line: [LIBRARY_PATH=/usr/lib/gcc/x86_64-redhat-linux/4.8.5/:/usr/lib/gcc/x86_64-redhat-linux/4.8.5/../../../../lib64/:/lib/../lib64/:/usr/lib/../lib64/:/usr/lib/gcc/x86_64-redhat-linux/4.8.5/../../../:/lib/:/usr/lib/]
  ignore line: [COLLECT_GCC_OPTIONS='-v' '-o' 'cmTC_1f78b' '-shared-libgcc' '-mtune=generic' '-march=x86-64']
  link line: [ /usr/libexec/gcc/x86_64-redhat-linux/4.8.5/collect2 --build-id --no-add-needed --eh-frame-hdr --hash-style=gnu -m elf_x86_64 -dynamic-linker /lib64/ld-linux-x86-64.so.2 -o cmTC_1f78b /usr/lib/gcc/x86_64-redhat-linux/4.8.5/../../../../lib64/crt1.o /usr/lib/gcc/x86_64-redhat-linux/4.8.5/../../../../lib64/crti.o /usr/lib/gcc/x86_64-redhat-linux/4.8.5/crtbegin.o -L/usr/lib/gcc/x86_64-redhat-linux/4.8.5 -L/usr/lib/gcc/x86_64-redhat-linux/4.8.5/../../../../lib64 -L/lib/../lib64 -L/usr/lib/../lib64 -L/usr/lib/gcc/x86_64-redhat-linux/4.8.5/../../.. -lgfortran -lm CMakeFiles/cmTC_1f78b.dir/CMakeFortranCompilerABI.F.o -lgfortran -lm -lgcc_s -lgcc -lquadmath -lm -lgcc_s -lgcc -lc -lgcc_s -lgcc /usr/lib/gcc/x86_64-redhat-linux/4.8.5/crtend.o /usr/lib/gcc/x86_64-redhat-linux/4.8.5/../../../../lib64/crtn.o]
    arg [/usr/libexec/gcc/x86_64-redhat-linux/4.8.5/collect2] ==> ignore
    arg [--build-id] ==> ignore
    arg [--no-add-needed] ==> ignore
    arg [--eh-frame-hdr] ==> ignore
    arg [--hash-style=gnu] ==> ignore
    arg [-m] ==> ignore
    arg [elf_x86_64] ==> ignore
    arg [-dynamic-linker] ==> ignore
    arg [/lib64/ld-linux-x86-64.so.2] ==> ignore
    arg [-o] ==> ignore
    arg [cmTC_1f78b] ==> ignore
    arg [/usr/lib/gcc/x86_64-redhat-linux/4.8.5/../../../../lib64/crt1.o] ==> ignore
    arg [/usr/lib/gcc/x86_64-redhat-linux/4.8.5/../../../../lib64/crti.o] ==> ignore
    arg [/usr/lib/gcc/x86_64-redhat-linux/4.8.5/crtbegin.o] ==> ignore
    arg [-L/usr/lib/gcc/x86_64-redhat-linux/4.8.5] ==> dir [/usr/lib/gcc/x86_64-redhat-linux/4.8.5]
    arg [-L/usr/lib/gcc/x86_64-redhat-linux/4.8.5/../../../../lib64] ==> dir [/usr/lib/gcc/x86_64-redhat-linux/4.8.5/../../../../lib64]
    arg [-L/lib/../lib64] ==> dir [/lib/../lib64]
    arg [-L/usr/lib/../lib64] ==> dir [/usr/lib/../lib64]
    arg [-L/usr/lib/gcc/x86_64-redhat-linux/4.8.5/../../..] ==> dir [/usr/lib/gcc/x86_64-redhat-linux/4.8.5/../../..]
    arg [-lgfortran] ==> lib [gfortran]
    arg [-lm] ==> lib [m]
    arg [CMakeFiles/cmTC_1f78b.dir/CMakeFortranCompilerABI.F.o] ==> ignore
    arg [-lgfortran] ==> lib [gfortran]
    arg [-lm] ==> lib [m]
    arg [-lgcc_s] ==> lib [gcc_s]
    arg [-lgcc] ==> lib [gcc]
    arg [-lquadmath] ==> lib [quadmath]
    arg [-lm] ==> lib [m]
    arg [-lgcc_s] ==> lib [gcc_s]
    arg [-lgcc] ==> lib [gcc]
    arg [-lc] ==> lib [c]
    arg [-lgcc_s] ==> lib [gcc_s]
    arg [-lgcc] ==> lib [gcc]
    arg [/usr/lib/gcc/x86_64-redhat-linux/4.8.5/crtend.o] ==> ignore
    arg [/usr/lib/gcc/x86_64-redhat-linux/4.8.5/../../../../lib64/crtn.o] ==> ignore
  remove lib [gcc_s]
  remove lib [gcc]
  remove lib [gcc_s]
  remove lib [gcc]
  remove lib [gcc_s]
  remove lib [gcc]
  collapse library dir [/usr/lib/gcc/x86_64-redhat-linux/4.8.5] ==> [/usr/lib/gcc/x86_64-redhat-linux/4.8.5]
  collapse library dir [/usr/lib/gcc/x86_64-redhat-linux/4.8.5/../../../../lib64] ==> [/usr/lib64]
  collapse library dir [/lib/../lib64] ==> [/lib64]
  collapse library dir [/usr/lib/../lib64] ==> [/usr/lib64]
  collapse library dir [/usr/lib/gcc/x86_64-redhat-linux/4.8.5/../../..] ==> [/usr/lib]
  implicit libs: [gfortran;m;gfortran;m;quadmath;m;c]
  implicit dirs: [/usr/lib/gcc/x86_64-redhat-linux/4.8.5;/usr/lib64;/lib64;/usr/lib]
  implicit fwks: []


Determining if the Fortran compiler supports Fortran 90 passed with the following output:
Change Dir: /tmp/marcos/spack-stage/spack-stage-fPQgje/chameleon-0.9.1/spack-build/CMakeFiles/CMakeTmp

Run Build Command:"/usr/bin/gmake" "cmTC_efc30/fast"
/usr/bin/gmake -f CMakeFiles/cmTC_efc30.dir/build.make CMakeFiles/cmTC_efc30.dir/build
gmake[1]: Entering directory `/tmp/marcos/spack-stage/spack-stage-fPQgje/chameleon-0.9.1/spack-build/CMakeFiles/CMakeTmp'
Building Fortran object CMakeFiles/cmTC_efc30.dir/testFortranCompilerF90.f90.o
/home/marcos/chameleon/spack/lib/spack/env/gcc/gfortran     -c /tmp/marcos/spack-stage/spack-stage-fPQgje/chameleon-0.9.1/spack-build/CMakeFiles/CMakeTmp/testFortranCompilerF90.f90 -o CMakeFiles/cmTC_efc30.dir/testFortranCompilerF90.f90.o
Linking Fortran executable cmTC_efc30
/home/marcos/chameleon/spack/opt/spack/linux-x86_64/gcc-4.8.5/cmake-3.7.2-wxxosgus6wenpd7b6wowwmtx3dii66m7/bin/cmake -E cmake_link_script CMakeFiles/cmTC_efc30.dir/link.txt --verbose=1
/home/marcos/chameleon/spack/lib/spack/env/gcc/gfortran   -lgfortran    CMakeFiles/cmTC_efc30.dir/testFortranCompilerF90.f90.o  -o cmTC_efc30  
gmake[1]: Leaving directory `/tmp/marcos/spack-stage/spack-stage-fPQgje/chameleon-0.9.1/spack-build/CMakeFiles/CMakeTmp'


Determining if the C compiler works passed with the following output:
Change Dir: /tmp/marcos/spack-stage/spack-stage-fPQgje/chameleon-0.9.1/spack-build/CMakeFiles/CMakeTmp

Run Build Command:"/usr/bin/gmake" "cmTC_9c88c/fast"
/usr/bin/gmake -f CMakeFiles/cmTC_9c88c.dir/build.make CMakeFiles/cmTC_9c88c.dir/build
gmake[1]: Entering directory `/tmp/marcos/spack-stage/spack-stage-fPQgje/chameleon-0.9.1/spack-build/CMakeFiles/CMakeTmp'
Building C object CMakeFiles/cmTC_9c88c.dir/testCCompiler.c.o
/home/marcos/chameleon/spack/lib/spack/env/gcc/gcc     -o CMakeFiles/cmTC_9c88c.dir/testCCompiler.c.o   -c /tmp/marcos/spack-stage/spack-stage-fPQgje/chameleon-0.9.1/spack-build/CMakeFiles/CMakeTmp/testCCompiler.c
Linking C executable cmTC_9c88c
/home/marcos/chameleon/spack/opt/spack/linux-x86_64/gcc-4.8.5/cmake-3.7.2-wxxosgus6wenpd7b6wowwmtx3dii66m7/bin/cmake -E cmake_link_script CMakeFiles/cmTC_9c88c.dir/link.txt --verbose=1
/home/marcos/chameleon/spack/lib/spack/env/gcc/gcc     -lgfortran  CMakeFiles/cmTC_9c88c.dir/testCCompiler.c.o  -o cmTC_9c88c -rdynamic 
gmake[1]: Leaving directory `/tmp/marcos/spack-stage/spack-stage-fPQgje/chameleon-0.9.1/spack-build/CMakeFiles/CMakeTmp'


Detecting C compiler ABI info compiled with the following output:
Change Dir: /tmp/marcos/spack-stage/spack-stage-fPQgje/chameleon-0.9.1/spack-build/CMakeFiles/CMakeTmp

Run Build Command:"/usr/bin/gmake" "cmTC_7c30c/fast"
/usr/bin/gmake -f CMakeFiles/cmTC_7c30c.dir/build.make CMakeFiles/cmTC_7c30c.dir/build
gmake[1]: Entering directory `/tmp/marcos/spack-stage/spack-stage-fPQgje/chameleon-0.9.1/spack-build/CMakeFiles/CMakeTmp'
Building C object CMakeFiles/cmTC_7c30c.dir/CMakeCCompilerABI.c.o
/home/marcos/chameleon/spack/lib/spack/env/gcc/gcc     -o CMakeFiles/cmTC_7c30c.dir/CMakeCCompilerABI.c.o   -c /home/marcos/chameleon/spack/opt/spack/linux-x86_64/gcc-4.8.5/cmake-3.7.2-wxxosgus6wenpd7b6wowwmtx3dii66m7/share/cmake-3.7/Modules/CMakeCCompilerABI.c
Linking C executable cmTC_7c30c
/home/marcos/chameleon/spack/opt/spack/linux-x86_64/gcc-4.8.5/cmake-3.7.2-wxxosgus6wenpd7b6wowwmtx3dii66m7/bin/cmake -E cmake_link_script CMakeFiles/cmTC_7c30c.dir/link.txt --verbose=1
/home/marcos/chameleon/spack/lib/spack/env/gcc/gcc     -lgfortran -v CMakeFiles/cmTC_7c30c.dir/CMakeCCompilerABI.c.o  -o cmTC_7c30c -rdynamic  
Using built-in specs.
COLLECT_GCC=/usr/bin/gcc
COLLECT_LTO_WRAPPER=/usr/libexec/gcc/x86_64-redhat-linux/4.8.5/lto-wrapper
Target: x86_64-redhat-linux
Configured with: ../configure --prefix=/usr --mandir=/usr/share/man --infodir=/usr/share/info --with-bugurl=http://bugzilla.redhat.com/bugzilla --enable-bootstrap --enable-shared --enable-threads=posix --enable-checking=release --with-system-zlib --enable-__cxa_atexit --disable-libunwind-exceptions --enable-gnu-unique-object --enable-linker-build-id --with-linker-hash-style=gnu --enable-languages=c,c++,objc,obj-c++,java,fortran,ada,go,lto --enable-plugin --enable-initfini-array --disable-libgcj --with-isl=/builddir/build/BUILD/gcc-4.8.5-20150702/obj-x86_64-redhat-linux/isl-install --with-cloog=/builddir/build/BUILD/gcc-4.8.5-20150702/obj-x86_64-redhat-linux/cloog-install --enable-gnu-indirect-function --with-tune=generic --with-arch_32=x86-64 --build=x86_64-redhat-linux
Thread model: posix
gcc version 4.8.5 20150623 (Red Hat 4.8.5-16) (GCC) 
COMPILER_PATH=/usr/libexec/gcc/x86_64-redhat-linux/4.8.5/:/usr/libexec/gcc/x86_64-redhat-linux/4.8.5/:/usr/libexec/gcc/x86_64-redhat-linux/:/usr/lib/gcc/x86_64-redhat-linux/4.8.5/:/usr/lib/gcc/x86_64-redhat-linux/
LIBRARY_PATH=/usr/lib/gcc/x86_64-redhat-linux/4.8.5/:/usr/lib/gcc/x86_64-redhat-linux/4.8.5/../../../../lib64/:/lib/../lib64/:/usr/lib/../lib64/:/usr/lib/gcc/x86_64-redhat-linux/4.8.5/../../../:/lib/:/usr/lib/
COLLECT_GCC_OPTIONS='-v' '-o' 'cmTC_7c30c' '-rdynamic' '-mtune=generic' '-march=x86-64'
 /usr/libexec/gcc/x86_64-redhat-linux/4.8.5/collect2 --build-id --no-add-needed --eh-frame-hdr --hash-style=gnu -m elf_x86_64 -export-dynamic -dynamic-linker /lib64/ld-linux-x86-64.so.2 -o cmTC_7c30c /usr/lib/gcc/x86_64-redhat-linux/4.8.5/../../../../lib64/crt1.o /usr/lib/gcc/x86_64-redhat-linux/4.8.5/../../../../lib64/crti.o /usr/lib/gcc/x86_64-redhat-linux/4.8.5/crtbegin.o -L/usr/lib/gcc/x86_64-redhat-linux/4.8.5 -L/usr/lib/gcc/x86_64-redhat-linux/4.8.5/../../../../lib64 -L/lib/../lib64 -L/usr/lib/../lib64 -L/usr/lib/gcc/x86_64-redhat-linux/4.8.5/../../.. -lgfortran CMakeFiles/cmTC_7c30c.dir/CMakeCCompilerABI.c.o -lgcc --as-needed -lgcc_s --no-as-needed -lc -lgcc --as-needed -lgcc_s --no-as-needed /usr/lib/gcc/x86_64-redhat-linux/4.8.5/crtend.o /usr/lib/gcc/x86_64-redhat-linux/4.8.5/../../../../lib64/crtn.o
gmake[1]: Leaving directory `/tmp/marcos/spack-stage/spack-stage-fPQgje/chameleon-0.9.1/spack-build/CMakeFiles/CMakeTmp'


Parsed C implicit link information from above output:
  link line regex: [^( *|.*[/\])(ld|([^/\]+-)?ld|collect2)[^/\]*( |$)]
  ignore line: [Change Dir: /tmp/marcos/spack-stage/spack-stage-fPQgje/chameleon-0.9.1/spack-build/CMakeFiles/CMakeTmp]
  ignore line: []
  ignore line: [Run Build Command:"/usr/bin/gmake" "cmTC_7c30c/fast"]
  ignore line: [/usr/bin/gmake -f CMakeFiles/cmTC_7c30c.dir/build.make CMakeFiles/cmTC_7c30c.dir/build]
  ignore line: [gmake[1]: Entering directory `/tmp/marcos/spack-stage/spack-stage-fPQgje/chameleon-0.9.1/spack-build/CMakeFiles/CMakeTmp']
  ignore line: [Building C object CMakeFiles/cmTC_7c30c.dir/CMakeCCompilerABI.c.o]
  ignore line: [/home/marcos/chameleon/spack/lib/spack/env/gcc/gcc     -o CMakeFiles/cmTC_7c30c.dir/CMakeCCompilerABI.c.o   -c /home/marcos/chameleon/spack/opt/spack/linux-x86_64/gcc-4.8.5/cmake-3.7.2-wxxosgus6wenpd7b6wowwmtx3dii66m7/share/cmake-3.7/Modules/CMakeCCompilerABI.c]
  ignore line: [Linking C executable cmTC_7c30c]
  ignore line: [/home/marcos/chameleon/spack/opt/spack/linux-x86_64/gcc-4.8.5/cmake-3.7.2-wxxosgus6wenpd7b6wowwmtx3dii66m7/bin/cmake -E cmake_link_script CMakeFiles/cmTC_7c30c.dir/link.txt --verbose=1]
  ignore line: [/home/marcos/chameleon/spack/lib/spack/env/gcc/gcc     -lgfortran -v CMakeFiles/cmTC_7c30c.dir/CMakeCCompilerABI.c.o  -o cmTC_7c30c -rdynamic  ]
  ignore line: [Using built-in specs.]
  ignore line: [COLLECT_GCC=/usr/bin/gcc]
  ignore line: [COLLECT_LTO_WRAPPER=/usr/libexec/gcc/x86_64-redhat-linux/4.8.5/lto-wrapper]
  ignore line: [Target: x86_64-redhat-linux]
  ignore line: [Configured with: ../configure --prefix=/usr --mandir=/usr/share/man --infodir=/usr/share/info --with-bugurl=http://bugzilla.redhat.com/bugzilla --enable-bootstrap --enable-shared --enable-threads=posix --enable-checking=release --with-system-zlib --enable-__cxa_atexit --disable-libunwind-exceptions --enable-gnu-unique-object --enable-linker-build-id --with-linker-hash-style=gnu --enable-languages=c,c++,objc,obj-c++,java,fortran,ada,go,lto --enable-plugin --enable-initfini-array --disable-libgcj --with-isl=/builddir/build/BUILD/gcc-4.8.5-20150702/obj-x86_64-redhat-linux/isl-install --with-cloog=/builddir/build/BUILD/gcc-4.8.5-20150702/obj-x86_64-redhat-linux/cloog-install --enable-gnu-indirect-function --with-tune=generic --with-arch_32=x86-64 --build=x86_64-redhat-linux]
  ignore line: [Thread model: posix]
  ignore line: [gcc version 4.8.5 20150623 (Red Hat 4.8.5-16) (GCC) ]
  ignore line: [COMPILER_PATH=/usr/libexec/gcc/x86_64-redhat-linux/4.8.5/:/usr/libexec/gcc/x86_64-redhat-linux/4.8.5/:/usr/libexec/gcc/x86_64-redhat-linux/:/usr/lib/gcc/x86_64-redhat-linux/4.8.5/:/usr/lib/gcc/x86_64-redhat-linux/]
  ignore line: [LIBRARY_PATH=/usr/lib/gcc/x86_64-redhat-linux/4.8.5/:/usr/lib/gcc/x86_64-redhat-linux/4.8.5/../../../../lib64/:/lib/../lib64/:/usr/lib/../lib64/:/usr/lib/gcc/x86_64-redhat-linux/4.8.5/../../../:/lib/:/usr/lib/]
  ignore line: [COLLECT_GCC_OPTIONS='-v' '-o' 'cmTC_7c30c' '-rdynamic' '-mtune=generic' '-march=x86-64']
  link line: [ /usr/libexec/gcc/x86_64-redhat-linux/4.8.5/collect2 --build-id --no-add-needed --eh-frame-hdr --hash-style=gnu -m elf_x86_64 -export-dynamic -dynamic-linker /lib64/ld-linux-x86-64.so.2 -o cmTC_7c30c /usr/lib/gcc/x86_64-redhat-linux/4.8.5/../../../../lib64/crt1.o /usr/lib/gcc/x86_64-redhat-linux/4.8.5/../../../../lib64/crti.o /usr/lib/gcc/x86_64-redhat-linux/4.8.5/crtbegin.o -L/usr/lib/gcc/x86_64-redhat-linux/4.8.5 -L/usr/lib/gcc/x86_64-redhat-linux/4.8.5/../../../../lib64 -L/lib/../lib64 -L/usr/lib/../lib64 -L/usr/lib/gcc/x86_64-redhat-linux/4.8.5/../../.. -lgfortran CMakeFiles/cmTC_7c30c.dir/CMakeCCompilerABI.c.o -lgcc --as-needed -lgcc_s --no-as-needed -lc -lgcc --as-needed -lgcc_s --no-as-needed /usr/lib/gcc/x86_64-redhat-linux/4.8.5/crtend.o /usr/lib/gcc/x86_64-redhat-linux/4.8.5/../../../../lib64/crtn.o]
    arg [/usr/libexec/gcc/x86_64-redhat-linux/4.8.5/collect2] ==> ignore
    arg [--build-id] ==> ignore
    arg [--no-add-needed] ==> ignore
    arg [--eh-frame-hdr] ==> ignore
    arg [--hash-style=gnu] ==> ignore
    arg [-m] ==> ignore
    arg [elf_x86_64] ==> ignore
    arg [-export-dynamic] ==> ignore
    arg [-dynamic-linker] ==> ignore
    arg [/lib64/ld-linux-x86-64.so.2] ==> ignore
    arg [-o] ==> ignore
    arg [cmTC_7c30c] ==> ignore
    arg [/usr/lib/gcc/x86_64-redhat-linux/4.8.5/../../../../lib64/crt1.o] ==> ignore
    arg [/usr/lib/gcc/x86_64-redhat-linux/4.8.5/../../../../lib64/crti.o] ==> ignore
    arg [/usr/lib/gcc/x86_64-redhat-linux/4.8.5/crtbegin.o] ==> ignore
    arg [-L/usr/lib/gcc/x86_64-redhat-linux/4.8.5] ==> dir [/usr/lib/gcc/x86_64-redhat-linux/4.8.5]
    arg [-L/usr/lib/gcc/x86_64-redhat-linux/4.8.5/../../../../lib64] ==> dir [/usr/lib/gcc/x86_64-redhat-linux/4.8.5/../../../../lib64]
    arg [-L/lib/../lib64] ==> dir [/lib/../lib64]
    arg [-L/usr/lib/../lib64] ==> dir [/usr/lib/../lib64]
    arg [-L/usr/lib/gcc/x86_64-redhat-linux/4.8.5/../../..] ==> dir [/usr/lib/gcc/x86_64-redhat-linux/4.8.5/../../..]
    arg [-lgfortran] ==> lib [gfortran]
    arg [CMakeFiles/cmTC_7c30c.dir/CMakeCCompilerABI.c.o] ==> ignore
    arg [-lgcc] ==> lib [gcc]
    arg [--as-needed] ==> ignore
    arg [-lgcc_s] ==> lib [gcc_s]
    arg [--no-as-needed] ==> ignore
    arg [-lc] ==> lib [c]
    arg [-lgcc] ==> lib [gcc]
    arg [--as-needed] ==> ignore
    arg [-lgcc_s] ==> lib [gcc_s]
    arg [--no-as-needed] ==> ignore
    arg [/usr/lib/gcc/x86_64-redhat-linux/4.8.5/crtend.o] ==> ignore
    arg [/usr/lib/gcc/x86_64-redhat-linux/4.8.5/../../../../lib64/crtn.o] ==> ignore
  remove lib [gcc]
  remove lib [gcc_s]
  remove lib [gcc]
  remove lib [gcc_s]
  collapse library dir [/usr/lib/gcc/x86_64-redhat-linux/4.8.5] ==> [/usr/lib/gcc/x86_64-redhat-linux/4.8.5]
  collapse library dir [/usr/lib/gcc/x86_64-redhat-linux/4.8.5/../../../../lib64] ==> [/usr/lib64]
  collapse library dir [/lib/../lib64] ==> [/lib64]
  collapse library dir [/usr/lib/../lib64] ==> [/usr/lib64]
  collapse library dir [/usr/lib/gcc/x86_64-redhat-linux/4.8.5/../../..] ==> [/usr/lib]
  implicit libs: [gfortran;c]
  implicit dirs: [/usr/lib/gcc/x86_64-redhat-linux/4.8.5;/usr/lib64;/lib64;/usr/lib]
  implicit fwks: []




Detecting C [-std=c11] compiler features compiled with the following output:
Change Dir: /tmp/marcos/spack-stage/spack-stage-fPQgje/chameleon-0.9.1/spack-build/CMakeFiles/CMakeTmp

Run Build Command:"/usr/bin/gmake" "cmTC_582e6/fast"
/usr/bin/gmake -f CMakeFiles/cmTC_582e6.dir/build.make CMakeFiles/cmTC_582e6.dir/build
gmake[1]: Entering directory `/tmp/marcos/spack-stage/spack-stage-fPQgje/chameleon-0.9.1/spack-build/CMakeFiles/CMakeTmp'
Building C object CMakeFiles/cmTC_582e6.dir/feature_tests.c.o
/home/marcos/chameleon/spack/lib/spack/env/gcc/gcc    -std=c11 -o CMakeFiles/cmTC_582e6.dir/feature_tests.c.o   -c /tmp/marcos/spack-stage/spack-stage-fPQgje/chameleon-0.9.1/spack-build/CMakeFiles/feature_tests.c
Linking C executable cmTC_582e6
/home/marcos/chameleon/spack/opt/spack/linux-x86_64/gcc-4.8.5/cmake-3.7.2-wxxosgus6wenpd7b6wowwmtx3dii66m7/bin/cmake -E cmake_link_script CMakeFiles/cmTC_582e6.dir/link.txt --verbose=1
/home/marcos/chameleon/spack/lib/spack/env/gcc/gcc     -lgfortran  CMakeFiles/cmTC_582e6.dir/feature_tests.c.o  -o cmTC_582e6 -rdynamic 
gmake[1]: Leaving directory `/tmp/marcos/spack-stage/spack-stage-fPQgje/chameleon-0.9.1/spack-build/CMakeFiles/CMakeTmp'


    Feature record: C_FEATURE:1c_function_prototypes
    Feature record: C_FEATURE:1c_restrict
    Feature record: C_FEATURE:1c_static_assert
    Feature record: C_FEATURE:1c_variadic_macros


Detecting C [-std=c99] compiler features compiled with the following output:
Change Dir: /tmp/marcos/spack-stage/spack-stage-fPQgje/chameleon-0.9.1/spack-build/CMakeFiles/CMakeTmp

Run Build Command:"/usr/bin/gmake" "cmTC_9b6ec/fast"
/usr/bin/gmake -f CMakeFiles/cmTC_9b6ec.dir/build.make CMakeFiles/cmTC_9b6ec.dir/build
gmake[1]: Entering directory `/tmp/marcos/spack-stage/spack-stage-fPQgje/chameleon-0.9.1/spack-build/CMakeFiles/CMakeTmp'
Building C object CMakeFiles/cmTC_9b6ec.dir/feature_tests.c.o
/home/marcos/chameleon/spack/lib/spack/env/gcc/gcc    -std=c99 -o CMakeFiles/cmTC_9b6ec.dir/feature_tests.c.o   -c /tmp/marcos/spack-stage/spack-stage-fPQgje/chameleon-0.9.1/spack-build/CMakeFiles/feature_tests.c
Linking C executable cmTC_9b6ec
/home/marcos/chameleon/spack/opt/spack/linux-x86_64/gcc-4.8.5/cmake-3.7.2-wxxosgus6wenpd7b6wowwmtx3dii66m7/bin/cmake -E cmake_link_script CMakeFiles/cmTC_9b6ec.dir/link.txt --verbose=1
/home/marcos/chameleon/spack/lib/spack/env/gcc/gcc     -lgfortran  CMakeFiles/cmTC_9b6ec.dir/feature_tests.c.o  -o cmTC_9b6ec -rdynamic 
gmake[1]: Leaving directory `/tmp/marcos/spack-stage/spack-stage-fPQgje/chameleon-0.9.1/spack-build/CMakeFiles/CMakeTmp'


    Feature record: C_FEATURE:1c_function_prototypes
    Feature record: C_FEATURE:1c_restrict
    Feature record: C_FEATURE:0c_static_assert
    Feature record: C_FEATURE:1c_variadic_macros


Detecting C [-std=c90] compiler features compiled with the following output:
Change Dir: /tmp/marcos/spack-stage/spack-stage-fPQgje/chameleon-0.9.1/spack-build/CMakeFiles/CMakeTmp

Run Build Command:"/usr/bin/gmake" "cmTC_ae2a9/fast"
/usr/bin/gmake -f CMakeFiles/cmTC_ae2a9.dir/build.make CMakeFiles/cmTC_ae2a9.dir/build
gmake[1]: Entering directory `/tmp/marcos/spack-stage/spack-stage-fPQgje/chameleon-0.9.1/spack-build/CMakeFiles/CMakeTmp'
Building C object CMakeFiles/cmTC_ae2a9.dir/feature_tests.c.o
/home/marcos/chameleon/spack/lib/spack/env/gcc/gcc    -std=c90 -o CMakeFiles/cmTC_ae2a9.dir/feature_tests.c.o   -c /tmp/marcos/spack-stage/spack-stage-fPQgje/chameleon-0.9.1/spack-build/CMakeFiles/feature_tests.c
Linking C executable cmTC_ae2a9
/home/marcos/chameleon/spack/opt/spack/linux-x86_64/gcc-4.8.5/cmake-3.7.2-wxxosgus6wenpd7b6wowwmtx3dii66m7/bin/cmake -E cmake_link_script CMakeFiles/cmTC_ae2a9.dir/link.txt --verbose=1
/home/marcos/chameleon/spack/lib/spack/env/gcc/gcc     -lgfortran  CMakeFiles/cmTC_ae2a9.dir/feature_tests.c.o  -o cmTC_ae2a9 -rdynamic 
gmake[1]: Leaving directory `/tmp/marcos/spack-stage/spack-stage-fPQgje/chameleon-0.9.1/spack-build/CMakeFiles/CMakeTmp'


    Feature record: C_FEATURE:1c_function_prototypes
    Feature record: C_FEATURE:0c_restrict
    Feature record: C_FEATURE:0c_static_assert
    Feature record: C_FEATURE:0c_variadic_macros
Determining if the CXX compiler works passed with the following output:
Change Dir: /tmp/marcos/spack-stage/spack-stage-fPQgje/chameleon-0.9.1/spack-build/CMakeFiles/CMakeTmp

Run Build Command:"/usr/bin/gmake" "cmTC_24d91/fast"
/usr/bin/gmake -f CMakeFiles/cmTC_24d91.dir/build.make CMakeFiles/cmTC_24d91.dir/build
gmake[1]: Entering directory `/tmp/marcos/spack-stage/spack-stage-fPQgje/chameleon-0.9.1/spack-build/CMakeFiles/CMakeTmp'
Building CXX object CMakeFiles/cmTC_24d91.dir/testCXXCompiler.cxx.o
/home/marcos/chameleon/spack/lib/spack/env/gcc/g++      -o CMakeFiles/cmTC_24d91.dir/testCXXCompiler.cxx.o -c /tmp/marcos/spack-stage/spack-stage-fPQgje/chameleon-0.9.1/spack-build/CMakeFiles/CMakeTmp/testCXXCompiler.cxx
Linking CXX executable cmTC_24d91
/home/marcos/chameleon/spack/opt/spack/linux-x86_64/gcc-4.8.5/cmake-3.7.2-wxxosgus6wenpd7b6wowwmtx3dii66m7/bin/cmake -E cmake_link_script CMakeFiles/cmTC_24d91.dir/link.txt --verbose=1
/home/marcos/chameleon/spack/lib/spack/env/gcc/g++      -lgfortran  CMakeFiles/cmTC_24d91.dir/testCXXCompiler.cxx.o  -o cmTC_24d91 -rdynamic 
gmake[1]: Leaving directory `/tmp/marcos/spack-stage/spack-stage-fPQgje/chameleon-0.9.1/spack-build/CMakeFiles/CMakeTmp'


Detecting CXX compiler ABI info compiled with the following output:
Change Dir: /tmp/marcos/spack-stage/spack-stage-fPQgje/chameleon-0.9.1/spack-build/CMakeFiles/CMakeTmp

Run Build Command:"/usr/bin/gmake" "cmTC_2ed30/fast"
/usr/bin/gmake -f CMakeFiles/cmTC_2ed30.dir/build.make CMakeFiles/cmTC_2ed30.dir/build
gmake[1]: Entering directory `/tmp/marcos/spack-stage/spack-stage-fPQgje/chameleon-0.9.1/spack-build/CMakeFiles/CMakeTmp'
Building CXX object CMakeFiles/cmTC_2ed30.dir/CMakeCXXCompilerABI.cpp.o
/home/marcos/chameleon/spack/lib/spack/env/gcc/g++      -o CMakeFiles/cmTC_2ed30.dir/CMakeCXXCompilerABI.cpp.o -c /home/marcos/chameleon/spack/opt/spack/linux-x86_64/gcc-4.8.5/cmake-3.7.2-wxxosgus6wenpd7b6wowwmtx3dii66m7/share/cmake-3.7/Modules/CMakeCXXCompilerABI.cpp
Linking CXX executable cmTC_2ed30
/home/marcos/chameleon/spack/opt/spack/linux-x86_64/gcc-4.8.5/cmake-3.7.2-wxxosgus6wenpd7b6wowwmtx3dii66m7/bin/cmake -E cmake_link_script CMakeFiles/cmTC_2ed30.dir/link.txt --verbose=1
/home/marcos/chameleon/spack/lib/spack/env/gcc/g++      -lgfortran -v CMakeFiles/cmTC_2ed30.dir/CMakeCXXCompilerABI.cpp.o  -o cmTC_2ed30 -rdynamic  
Using built-in specs.
COLLECT_GCC=/usr/bin/g++
COLLECT_LTO_WRAPPER=/usr/libexec/gcc/x86_64-redhat-linux/4.8.5/lto-wrapper
Target: x86_64-redhat-linux
Configured with: ../configure --prefix=/usr --mandir=/usr/share/man --infodir=/usr/share/info --with-bugurl=http://bugzilla.redhat.com/bugzilla --enable-bootstrap --enable-shared --enable-threads=posix --enable-checking=release --with-system-zlib --enable-__cxa_atexit --disable-libunwind-exceptions --enable-gnu-unique-object --enable-linker-build-id --with-linker-hash-style=gnu --enable-languages=c,c++,objc,obj-c++,java,fortran,ada,go,lto --enable-plugin --enable-initfini-array --disable-libgcj --with-isl=/builddir/build/BUILD/gcc-4.8.5-20150702/obj-x86_64-redhat-linux/isl-install --with-cloog=/builddir/build/BUILD/gcc-4.8.5-20150702/obj-x86_64-redhat-linux/cloog-install --enable-gnu-indirect-function --with-tune=generic --with-arch_32=x86-64 --build=x86_64-redhat-linux
Thread model: posix
gcc version 4.8.5 20150623 (Red Hat 4.8.5-16) (GCC) 
COMPILER_PATH=/usr/libexec/gcc/x86_64-redhat-linux/4.8.5/:/usr/libexec/gcc/x86_64-redhat-linux/4.8.5/:/usr/libexec/gcc/x86_64-redhat-linux/:/usr/lib/gcc/x86_64-redhat-linux/4.8.5/:/usr/lib/gcc/x86_64-redhat-linux/
LIBRARY_PATH=/usr/lib/gcc/x86_64-redhat-linux/4.8.5/:/usr/lib/gcc/x86_64-redhat-linux/4.8.5/../../../../lib64/:/lib/../lib64/:/usr/lib/../lib64/:/usr/lib/gcc/x86_64-redhat-linux/4.8.5/../../../:/lib/:/usr/lib/
COLLECT_GCC_OPTIONS='-v' '-o' 'cmTC_2ed30' '-rdynamic' '-shared-libgcc' '-mtune=generic' '-march=x86-64'
 /usr/libexec/gcc/x86_64-redhat-linux/4.8.5/collect2 --build-id --no-add-needed --eh-frame-hdr --hash-style=gnu -m elf_x86_64 -export-dynamic -dynamic-linker /lib64/ld-linux-x86-64.so.2 -o cmTC_2ed30 /usr/lib/gcc/x86_64-redhat-linux/4.8.5/../../../../lib64/crt1.o /usr/lib/gcc/x86_64-redhat-linux/4.8.5/../../../../lib64/crti.o /usr/lib/gcc/x86_64-redhat-linux/4.8.5/crtbegin.o -L/usr/lib/gcc/x86_64-redhat-linux/4.8.5 -L/usr/lib/gcc/x86_64-redhat-linux/4.8.5/../../../../lib64 -L/lib/../lib64 -L/usr/lib/../lib64 -L/usr/lib/gcc/x86_64-redhat-linux/4.8.5/../../.. -lgfortran CMakeFiles/cmTC_2ed30.dir/CMakeCXXCompilerABI.cpp.o -lstdc++ -lm -lgcc_s -lgcc -lc -lgcc_s -lgcc /usr/lib/gcc/x86_64-redhat-linux/4.8.5/crtend.o /usr/lib/gcc/x86_64-redhat-linux/4.8.5/../../../../lib64/crtn.o
gmake[1]: Leaving directory `/tmp/marcos/spack-stage/spack-stage-fPQgje/chameleon-0.9.1/spack-build/CMakeFiles/CMakeTmp'


Parsed CXX implicit link information from above output:
  link line regex: [^( *|.*[/\])(ld|([^/\]+-)?ld|collect2)[^/\]*( |$)]
  ignore line: [Change Dir: /tmp/marcos/spack-stage/spack-stage-fPQgje/chameleon-0.9.1/spack-build/CMakeFiles/CMakeTmp]
  ignore line: []
  ignore line: [Run Build Command:"/usr/bin/gmake" "cmTC_2ed30/fast"]
  ignore line: [/usr/bin/gmake -f CMakeFiles/cmTC_2ed30.dir/build.make CMakeFiles/cmTC_2ed30.dir/build]
  ignore line: [gmake[1]: Entering directory `/tmp/marcos/spack-stage/spack-stage-fPQgje/chameleon-0.9.1/spack-build/CMakeFiles/CMakeTmp']
  ignore line: [Building CXX object CMakeFiles/cmTC_2ed30.dir/CMakeCXXCompilerABI.cpp.o]
  ignore line: [/home/marcos/chameleon/spack/lib/spack/env/gcc/g++      -o CMakeFiles/cmTC_2ed30.dir/CMakeCXXCompilerABI.cpp.o -c /home/marcos/chameleon/spack/opt/spack/linux-x86_64/gcc-4.8.5/cmake-3.7.2-wxxosgus6wenpd7b6wowwmtx3dii66m7/share/cmake-3.7/Modules/CMakeCXXCompilerABI.cpp]
  ignore line: [Linking CXX executable cmTC_2ed30]
  ignore line: [/home/marcos/chameleon/spack/opt/spack/linux-x86_64/gcc-4.8.5/cmake-3.7.2-wxxosgus6wenpd7b6wowwmtx3dii66m7/bin/cmake -E cmake_link_script CMakeFiles/cmTC_2ed30.dir/link.txt --verbose=1]
  ignore line: [/home/marcos/chameleon/spack/lib/spack/env/gcc/g++      -lgfortran -v CMakeFiles/cmTC_2ed30.dir/CMakeCXXCompilerABI.cpp.o  -o cmTC_2ed30 -rdynamic  ]
  ignore line: [Using built-in specs.]
  ignore line: [COLLECT_GCC=/usr/bin/g++]
  ignore line: [COLLECT_LTO_WRAPPER=/usr/libexec/gcc/x86_64-redhat-linux/4.8.5/lto-wrapper]
  ignore line: [Target: x86_64-redhat-linux]
  ignore line: [Configured with: ../configure --prefix=/usr --mandir=/usr/share/man --infodir=/usr/share/info --with-bugurl=http://bugzilla.redhat.com/bugzilla --enable-bootstrap --enable-shared --enable-threads=posix --enable-checking=release --with-system-zlib --enable-__cxa_atexit --disable-libunwind-exceptions --enable-gnu-unique-object --enable-linker-build-id --with-linker-hash-style=gnu --enable-languages=c,c++,objc,obj-c++,java,fortran,ada,go,lto --enable-plugin --enable-initfini-array --disable-libgcj --with-isl=/builddir/build/BUILD/gcc-4.8.5-20150702/obj-x86_64-redhat-linux/isl-install --with-cloog=/builddir/build/BUILD/gcc-4.8.5-20150702/obj-x86_64-redhat-linux/cloog-install --enable-gnu-indirect-function --with-tune=generic --with-arch_32=x86-64 --build=x86_64-redhat-linux]
  ignore line: [Thread model: posix]
  ignore line: [gcc version 4.8.5 20150623 (Red Hat 4.8.5-16) (GCC) ]
  ignore line: [COMPILER_PATH=/usr/libexec/gcc/x86_64-redhat-linux/4.8.5/:/usr/libexec/gcc/x86_64-redhat-linux/4.8.5/:/usr/libexec/gcc/x86_64-redhat-linux/:/usr/lib/gcc/x86_64-redhat-linux/4.8.5/:/usr/lib/gcc/x86_64-redhat-linux/]
  ignore line: [LIBRARY_PATH=/usr/lib/gcc/x86_64-redhat-linux/4.8.5/:/usr/lib/gcc/x86_64-redhat-linux/4.8.5/../../../../lib64/:/lib/../lib64/:/usr/lib/../lib64/:/usr/lib/gcc/x86_64-redhat-linux/4.8.5/../../../:/lib/:/usr/lib/]
  ignore line: [COLLECT_GCC_OPTIONS='-v' '-o' 'cmTC_2ed30' '-rdynamic' '-shared-libgcc' '-mtune=generic' '-march=x86-64']
  link line: [ /usr/libexec/gcc/x86_64-redhat-linux/4.8.5/collect2 --build-id --no-add-needed --eh-frame-hdr --hash-style=gnu -m elf_x86_64 -export-dynamic -dynamic-linker /lib64/ld-linux-x86-64.so.2 -o cmTC_2ed30 /usr/lib/gcc/x86_64-redhat-linux/4.8.5/../../../../lib64/crt1.o /usr/lib/gcc/x86_64-redhat-linux/4.8.5/../../../../lib64/crti.o /usr/lib/gcc/x86_64-redhat-linux/4.8.5/crtbegin.o -L/usr/lib/gcc/x86_64-redhat-linux/4.8.5 -L/usr/lib/gcc/x86_64-redhat-linux/4.8.5/../../../../lib64 -L/lib/../lib64 -L/usr/lib/../lib64 -L/usr/lib/gcc/x86_64-redhat-linux/4.8.5/../../.. -lgfortran CMakeFiles/cmTC_2ed30.dir/CMakeCXXCompilerABI.cpp.o -lstdc++ -lm -lgcc_s -lgcc -lc -lgcc_s -lgcc /usr/lib/gcc/x86_64-redhat-linux/4.8.5/crtend.o /usr/lib/gcc/x86_64-redhat-linux/4.8.5/../../../../lib64/crtn.o]
    arg [/usr/libexec/gcc/x86_64-redhat-linux/4.8.5/collect2] ==> ignore
    arg [--build-id] ==> ignore
    arg [--no-add-needed] ==> ignore
    arg [--eh-frame-hdr] ==> ignore
    arg [--hash-style=gnu] ==> ignore
    arg [-m] ==> ignore
    arg [elf_x86_64] ==> ignore
    arg [-export-dynamic] ==> ignore
    arg [-dynamic-linker] ==> ignore
    arg [/lib64/ld-linux-x86-64.so.2] ==> ignore
    arg [-o] ==> ignore
    arg [cmTC_2ed30] ==> ignore
    arg [/usr/lib/gcc/x86_64-redhat-linux/4.8.5/../../../../lib64/crt1.o] ==> ignore
    arg [/usr/lib/gcc/x86_64-redhat-linux/4.8.5/../../../../lib64/crti.o] ==> ignore
    arg [/usr/lib/gcc/x86_64-redhat-linux/4.8.5/crtbegin.o] ==> ignore
    arg [-L/usr/lib/gcc/x86_64-redhat-linux/4.8.5] ==> dir [/usr/lib/gcc/x86_64-redhat-linux/4.8.5]
    arg [-L/usr/lib/gcc/x86_64-redhat-linux/4.8.5/../../../../lib64] ==> dir [/usr/lib/gcc/x86_64-redhat-linux/4.8.5/../../../../lib64]
    arg [-L/lib/../lib64] ==> dir [/lib/../lib64]
    arg [-L/usr/lib/../lib64] ==> dir [/usr/lib/../lib64]
    arg [-L/usr/lib/gcc/x86_64-redhat-linux/4.8.5/../../..] ==> dir [/usr/lib/gcc/x86_64-redhat-linux/4.8.5/../../..]
    arg [-lgfortran] ==> lib [gfortran]
    arg [CMakeFiles/cmTC_2ed30.dir/CMakeCXXCompilerABI.cpp.o] ==> ignore
    arg [-lstdc++] ==> lib [stdc++]
    arg [-lm] ==> lib [m]
    arg [-lgcc_s] ==> lib [gcc_s]
    arg [-lgcc] ==> lib [gcc]
    arg [-lc] ==> lib [c]
    arg [-lgcc_s] ==> lib [gcc_s]
    arg [-lgcc] ==> lib [gcc]
    arg [/usr/lib/gcc/x86_64-redhat-linux/4.8.5/crtend.o] ==> ignore
    arg [/usr/lib/gcc/x86_64-redhat-linux/4.8.5/../../../../lib64/crtn.o] ==> ignore
  remove lib [gcc_s]
  remove lib [gcc]
  remove lib [gcc_s]
  remove lib [gcc]
  collapse library dir [/usr/lib/gcc/x86_64-redhat-linux/4.8.5] ==> [/usr/lib/gcc/x86_64-redhat-linux/4.8.5]
  collapse library dir [/usr/lib/gcc/x86_64-redhat-linux/4.8.5/../../../../lib64] ==> [/usr/lib64]
  collapse library dir [/lib/../lib64] ==> [/lib64]
  collapse library dir [/usr/lib/../lib64] ==> [/usr/lib64]
  collapse library dir [/usr/lib/gcc/x86_64-redhat-linux/4.8.5/../../..] ==> [/usr/lib]
  implicit libs: [gfortran;stdc++;m;c]
  implicit dirs: [/usr/lib/gcc/x86_64-redhat-linux/4.8.5;/usr/lib64;/lib64;/usr/lib]
  implicit fwks: []




Detecting CXX [-std=c++1y] compiler features compiled with the following output:
Change Dir: /tmp/marcos/spack-stage/spack-stage-fPQgje/chameleon-0.9.1/spack-build/CMakeFiles/CMakeTmp

Run Build Command:"/usr/bin/gmake" "cmTC_57378/fast"
/usr/bin/gmake -f CMakeFiles/cmTC_57378.dir/build.make CMakeFiles/cmTC_57378.dir/build
gmake[1]: Entering directory `/tmp/marcos/spack-stage/spack-stage-fPQgje/chameleon-0.9.1/spack-build/CMakeFiles/CMakeTmp'
Building CXX object CMakeFiles/cmTC_57378.dir/feature_tests.cxx.o
/home/marcos/chameleon/spack/lib/spack/env/gcc/g++     -std=c++1y -o CMakeFiles/cmTC_57378.dir/feature_tests.cxx.o -c /tmp/marcos/spack-stage/spack-stage-fPQgje/chameleon-0.9.1/spack-build/CMakeFiles/feature_tests.cxx
Linking CXX executable cmTC_57378
/home/marcos/chameleon/spack/opt/spack/linux-x86_64/gcc-4.8.5/cmake-3.7.2-wxxosgus6wenpd7b6wowwmtx3dii66m7/bin/cmake -E cmake_link_script CMakeFiles/cmTC_57378.dir/link.txt --verbose=1
/home/marcos/chameleon/spack/lib/spack/env/gcc/g++      -lgfortran  CMakeFiles/cmTC_57378.dir/feature_tests.cxx.o  -o cmTC_57378 -rdynamic 
gmake[1]: Leaving directory `/tmp/marcos/spack-stage/spack-stage-fPQgje/chameleon-0.9.1/spack-build/CMakeFiles/CMakeTmp'


    Feature record: CXX_FEATURE:0cxx_aggregate_default_initializers
    Feature record: CXX_FEATURE:1cxx_alias_templates
    Feature record: CXX_FEATURE:1cxx_alignas
    Feature record: CXX_FEATURE:1cxx_alignof
    Feature record: CXX_FEATURE:1cxx_attributes
    Feature record: CXX_FEATURE:0cxx_attribute_deprecated
    Feature record: CXX_FEATURE:1cxx_auto_type
    Feature record: CXX_FEATURE:0cxx_binary_literals
    Feature record: CXX_FEATURE:1cxx_constexpr
    Feature record: CXX_FEATURE:0cxx_contextual_conversions
    Feature record: CXX_FEATURE:1cxx_decltype
    Feature record: CXX_FEATURE:0cxx_decltype_auto
    Feature record: CXX_FEATURE:1cxx_decltype_incomplete_return_types
    Feature record: CXX_FEATURE:1cxx_default_function_template_args
    Feature record: CXX_FEATURE:1cxx_defaulted_functions
    Feature record: CXX_FEATURE:1cxx_defaulted_move_initializers
    Feature record: CXX_FEATURE:1cxx_delegating_constructors
    Feature record: CXX_FEATURE:1cxx_deleted_functions
    Feature record: CXX_FEATURE:0cxx_digit_separators
    Feature record: CXX_FEATURE:1cxx_enum_forward_declarations
    Feature record: CXX_FEATURE:1cxx_explicit_conversions
    Feature record: CXX_FEATURE:1cxx_extended_friend_declarations
    Feature record: CXX_FEATURE:1cxx_extern_templates
    Feature record: CXX_FEATURE:1cxx_final
    Feature record: CXX_FEATURE:1cxx_func_identifier
    Feature record: CXX_FEATURE:1cxx_generalized_initializers
    Feature record: CXX_FEATURE:0cxx_generic_lambdas
    Feature record: CXX_FEATURE:1cxx_inheriting_constructors
    Feature record: CXX_FEATURE:1cxx_inline_namespaces
    Feature record: CXX_FEATURE:1cxx_lambdas
    Feature record: CXX_FEATURE:0cxx_lambda_init_captures
    Feature record: CXX_FEATURE:1cxx_local_type_template_args
    Feature record: CXX_FEATURE:1cxx_long_long_type
    Feature record: CXX_FEATURE:1cxx_noexcept
    Feature record: CXX_FEATURE:1cxx_nonstatic_member_init
    Feature record: CXX_FEATURE:1cxx_nullptr
    Feature record: CXX_FEATURE:1cxx_override
    Feature record: CXX_FEATURE:1cxx_range_for
    Feature record: CXX_FEATURE:1cxx_raw_string_literals
    Feature record: CXX_FEATURE:1cxx_reference_qualified_functions
    Feature record: CXX_FEATURE:0cxx_relaxed_constexpr
    Feature record: CXX_FEATURE:0cxx_return_type_deduction
    Feature record: CXX_FEATURE:1cxx_right_angle_brackets
    Feature record: CXX_FEATURE:1cxx_rvalue_references
    Feature record: CXX_FEATURE:1cxx_sizeof_member
    Feature record: CXX_FEATURE:1cxx_static_assert
    Feature record: CXX_FEATURE:1cxx_strong_enums
    Feature record: CXX_FEATURE:1cxx_template_template_parameters
    Feature record: CXX_FEATURE:1cxx_thread_local
    Feature record: CXX_FEATURE:1cxx_trailing_return_types
    Feature record: CXX_FEATURE:1cxx_unicode_literals
    Feature record: CXX_FEATURE:1cxx_uniform_initialization
    Feature record: CXX_FEATURE:1cxx_unrestricted_unions
    Feature record: CXX_FEATURE:1cxx_user_literals
    Feature record: CXX_FEATURE:0cxx_variable_templates
    Feature record: CXX_FEATURE:1cxx_variadic_macros
    Feature record: CXX_FEATURE:1cxx_variadic_templates


Detecting CXX [-std=c++11] compiler features compiled with the following output:
Change Dir: /tmp/marcos/spack-stage/spack-stage-fPQgje/chameleon-0.9.1/spack-build/CMakeFiles/CMakeTmp

Run Build Command:"/usr/bin/gmake" "cmTC_06d2b/fast"
/usr/bin/gmake -f CMakeFiles/cmTC_06d2b.dir/build.make CMakeFiles/cmTC_06d2b.dir/build
gmake[1]: Entering directory `/tmp/marcos/spack-stage/spack-stage-fPQgje/chameleon-0.9.1/spack-build/CMakeFiles/CMakeTmp'
Building CXX object CMakeFiles/cmTC_06d2b.dir/feature_tests.cxx.o
/home/marcos/chameleon/spack/lib/spack/env/gcc/g++     -std=c++11 -o CMakeFiles/cmTC_06d2b.dir/feature_tests.cxx.o -c /tmp/marcos/spack-stage/spack-stage-fPQgje/chameleon-0.9.1/spack-build/CMakeFiles/feature_tests.cxx
Linking CXX executable cmTC_06d2b
/home/marcos/chameleon/spack/opt/spack/linux-x86_64/gcc-4.8.5/cmake-3.7.2-wxxosgus6wenpd7b6wowwmtx3dii66m7/bin/cmake -E cmake_link_script CMakeFiles/cmTC_06d2b.dir/link.txt --verbose=1
/home/marcos/chameleon/spack/lib/spack/env/gcc/g++      -lgfortran  CMakeFiles/cmTC_06d2b.dir/feature_tests.cxx.o  -o cmTC_06d2b -rdynamic 
gmake[1]: Leaving directory `/tmp/marcos/spack-stage/spack-stage-fPQgje/chameleon-0.9.1/spack-build/CMakeFiles/CMakeTmp'


    Feature record: CXX_FEATURE:0cxx_aggregate_default_initializers
    Feature record: CXX_FEATURE:1cxx_alias_templates
    Feature record: CXX_FEATURE:1cxx_alignas
    Feature record: CXX_FEATURE:1cxx_alignof
    Feature record: CXX_FEATURE:1cxx_attributes
    Feature record: CXX_FEATURE:0cxx_attribute_deprecated
    Feature record: CXX_FEATURE:1cxx_auto_type
    Feature record: CXX_FEATURE:0cxx_binary_literals
    Feature record: CXX_FEATURE:1cxx_constexpr
    Feature record: CXX_FEATURE:0cxx_contextual_conversions
    Feature record: CXX_FEATURE:1cxx_decltype
    Feature record: CXX_FEATURE:0cxx_decltype_auto
    Feature record: CXX_FEATURE:1cxx_decltype_incomplete_return_types
    Feature record: CXX_FEATURE:1cxx_default_function_template_args
    Feature record: CXX_FEATURE:1cxx_defaulted_functions
    Feature record: CXX_FEATURE:1cxx_defaulted_move_initializers
    Feature record: CXX_FEATURE:1cxx_delegating_constructors
    Feature record: CXX_FEATURE:1cxx_deleted_functions
    Feature record: CXX_FEATURE:0cxx_digit_separators
    Feature record: CXX_FEATURE:1cxx_enum_forward_declarations
    Feature record: CXX_FEATURE:1cxx_explicit_conversions
    Feature record: CXX_FEATURE:1cxx_extended_friend_declarations
    Feature record: CXX_FEATURE:1cxx_extern_templates
    Feature record: CXX_FEATURE:1cxx_final
    Feature record: CXX_FEATURE:1cxx_func_identifier
    Feature record: CXX_FEATURE:1cxx_generalized_initializers
    Feature record: CXX_FEATURE:0cxx_generic_lambdas
    Feature record: CXX_FEATURE:1cxx_inheriting_constructors
    Feature record: CXX_FEATURE:1cxx_inline_namespaces
    Feature record: CXX_FEATURE:1cxx_lambdas
    Feature record: CXX_FEATURE:0cxx_lambda_init_captures
    Feature record: CXX_FEATURE:1cxx_local_type_template_args
    Feature record: CXX_FEATURE:1cxx_long_long_type
    Feature record: CXX_FEATURE:1cxx_noexcept
    Feature record: CXX_FEATURE:1cxx_nonstatic_member_init
    Feature record: CXX_FEATURE:1cxx_nullptr
    Feature record: CXX_FEATURE:1cxx_override
    Feature record: CXX_FEATURE:1cxx_range_for
    Feature record: CXX_FEATURE:1cxx_raw_string_literals
    Feature record: CXX_FEATURE:1cxx_reference_qualified_functions
    Feature record: CXX_FEATURE:0cxx_relaxed_constexpr
    Feature record: CXX_FEATURE:0cxx_return_type_deduction
    Feature record: CXX_FEATURE:1cxx_right_angle_brackets
    Feature record: CXX_FEATURE:1cxx_rvalue_references
    Feature record: CXX_FEATURE:1cxx_sizeof_member
    Feature record: CXX_FEATURE:1cxx_static_assert
    Feature record: CXX_FEATURE:1cxx_strong_enums
    Feature record: CXX_FEATURE:1cxx_template_template_parameters
    Feature record: CXX_FEATURE:1cxx_thread_local
    Feature record: CXX_FEATURE:1cxx_trailing_return_types
    Feature record: CXX_FEATURE:1cxx_unicode_literals
    Feature record: CXX_FEATURE:1cxx_uniform_initialization
    Feature record: CXX_FEATURE:1cxx_unrestricted_unions
    Feature record: CXX_FEATURE:1cxx_user_literals
    Feature record: CXX_FEATURE:0cxx_variable_templates
    Feature record: CXX_FEATURE:1cxx_variadic_macros
    Feature record: CXX_FEATURE:1cxx_variadic_templates


Detecting CXX [-std=c++98] compiler features compiled with the following output:
Change Dir: /tmp/marcos/spack-stage/spack-stage-fPQgje/chameleon-0.9.1/spack-build/CMakeFiles/CMakeTmp

Run Build Command:"/usr/bin/gmake" "cmTC_98b5c/fast"
/usr/bin/gmake -f CMakeFiles/cmTC_98b5c.dir/build.make CMakeFiles/cmTC_98b5c.dir/build
gmake[1]: Entering directory `/tmp/marcos/spack-stage/spack-stage-fPQgje/chameleon-0.9.1/spack-build/CMakeFiles/CMakeTmp'
Building CXX object CMakeFiles/cmTC_98b5c.dir/feature_tests.cxx.o
/home/marcos/chameleon/spack/lib/spack/env/gcc/g++     -std=c++98 -o CMakeFiles/cmTC_98b5c.dir/feature_tests.cxx.o -c /tmp/marcos/spack-stage/spack-stage-fPQgje/chameleon-0.9.1/spack-build/CMakeFiles/feature_tests.cxx
Linking CXX executable cmTC_98b5c
/home/marcos/chameleon/spack/opt/spack/linux-x86_64/gcc-4.8.5/cmake-3.7.2-wxxosgus6wenpd7b6wowwmtx3dii66m7/bin/cmake -E cmake_link_script CMakeFiles/cmTC_98b5c.dir/link.txt --verbose=1
/home/marcos/chameleon/spack/lib/spack/env/gcc/g++      -lgfortran  CMakeFiles/cmTC_98b5c.dir/feature_tests.cxx.o  -o cmTC_98b5c -rdynamic 
gmake[1]: Leaving directory `/tmp/marcos/spack-stage/spack-stage-fPQgje/chameleon-0.9.1/spack-build/CMakeFiles/CMakeTmp'


    Feature record: CXX_FEATURE:0cxx_aggregate_default_initializers
    Feature record: CXX_FEATURE:0cxx_alias_templates
    Feature record: CXX_FEATURE:0cxx_alignas
    Feature record: CXX_FEATURE:0cxx_alignof
    Feature record: CXX_FEATURE:0cxx_attributes
    Feature record: CXX_FEATURE:0cxx_attribute_deprecated
    Feature record: CXX_FEATURE:0cxx_auto_type
    Feature record: CXX_FEATURE:0cxx_binary_literals
    Feature record: CXX_FEATURE:0cxx_constexpr
    Feature record: CXX_FEATURE:0cxx_contextual_conversions
    Feature record: CXX_FEATURE:0cxx_decltype
    Feature record: CXX_FEATURE:0cxx_decltype_auto
    Feature record: CXX_FEATURE:0cxx_decltype_incomplete_return_types
    Feature record: CXX_FEATURE:0cxx_default_function_template_args
    Feature record: CXX_FEATURE:0cxx_defaulted_functions
    Feature record: CXX_FEATURE:0cxx_defaulted_move_initializers
    Feature record: CXX_FEATURE:0cxx_delegating_constructors
    Feature record: CXX_FEATURE:0cxx_deleted_functions
    Feature record: CXX_FEATURE:0cxx_digit_separators
    Feature record: CXX_FEATURE:0cxx_enum_forward_declarations
    Feature record: CXX_FEATURE:0cxx_explicit_conversions
    Feature record: CXX_FEATURE:0cxx_extended_friend_declarations
    Feature record: CXX_FEATURE:0cxx_extern_templates
    Feature record: CXX_FEATURE:0cxx_final
    Feature record: CXX_FEATURE:0cxx_func_identifier
    Feature record: CXX_FEATURE:0cxx_generalized_initializers
    Feature record: CXX_FEATURE:0cxx_generic_lambdas
    Feature record: CXX_FEATURE:0cxx_inheriting_constructors
    Feature record: CXX_FEATURE:0cxx_inline_namespaces
    Feature record: CXX_FEATURE:0cxx_lambdas
    Feature record: CXX_FEATURE:0cxx_lambda_init_captures
    Feature record: CXX_FEATURE:0cxx_local_type_template_args
    Feature record: CXX_FEATURE:0cxx_long_long_type
    Feature record: CXX_FEATURE:0cxx_noexcept
    Feature record: CXX_FEATURE:0cxx_nonstatic_member_init
    Feature record: CXX_FEATURE:0cxx_nullptr
    Feature record: CXX_FEATURE:0cxx_override
    Feature record: CXX_FEATURE:0cxx_range_for
    Feature record: CXX_FEATURE:0cxx_raw_string_literals
    Feature record: CXX_FEATURE:0cxx_reference_qualified_functions
    Feature record: CXX_FEATURE:0cxx_relaxed_constexpr
    Feature record: CXX_FEATURE:0cxx_return_type_deduction
    Feature record: CXX_FEATURE:0cxx_right_angle_brackets
    Feature record: CXX_FEATURE:0cxx_rvalue_references
    Feature record: CXX_FEATURE:0cxx_sizeof_member
    Feature record: CXX_FEATURE:0cxx_static_assert
    Feature record: CXX_FEATURE:0cxx_strong_enums
    Feature record: CXX_FEATURE:1cxx_template_template_parameters
    Feature record: CXX_FEATURE:0cxx_thread_local
    Feature record: CXX_FEATURE:0cxx_trailing_return_types
    Feature record: CXX_FEATURE:0cxx_unicode_literals
    Feature record: CXX_FEATURE:0cxx_uniform_initialization
    Feature record: CXX_FEATURE:0cxx_unrestricted_unions
    Feature record: CXX_FEATURE:0cxx_user_literals
    Feature record: CXX_FEATURE:0cxx_variable_templates
    Feature record: CXX_FEATURE:0cxx_variadic_macros
    Feature record: CXX_FEATURE:0cxx_variadic_templates
Determining if the include file pthread.h exists passed with the following output:
Change Dir: /tmp/marcos/spack-stage/spack-stage-fPQgje/chameleon-0.9.1/spack-build/CMakeFiles/CMakeTmp

Run Build Command:"/usr/bin/gmake" "cmTC_2e82d/fast"
/usr/bin/gmake -f CMakeFiles/cmTC_2e82d.dir/build.make CMakeFiles/cmTC_2e82d.dir/build
gmake[1]: Entering directory `/tmp/marcos/spack-stage/spack-stage-fPQgje/chameleon-0.9.1/spack-build/CMakeFiles/CMakeTmp'
Building C object CMakeFiles/cmTC_2e82d.dir/CheckIncludeFile.c.o
/home/marcos/chameleon/spack/lib/spack/env/gcc/gcc     -o CMakeFiles/cmTC_2e82d.dir/CheckIncludeFile.c.o   -c /tmp/marcos/spack-stage/spack-stage-fPQgje/chameleon-0.9.1/spack-build/CMakeFiles/CMakeTmp/CheckIncludeFile.c
Linking C executable cmTC_2e82d
/home/marcos/chameleon/spack/opt/spack/linux-x86_64/gcc-4.8.5/cmake-3.7.2-wxxosgus6wenpd7b6wowwmtx3dii66m7/bin/cmake -E cmake_link_script CMakeFiles/cmTC_2e82d.dir/link.txt --verbose=1
/home/marcos/chameleon/spack/lib/spack/env/gcc/gcc     -lgfortran  CMakeFiles/cmTC_2e82d.dir/CheckIncludeFile.c.o  -o cmTC_2e82d -rdynamic 
gmake[1]: Leaving directory `/tmp/marcos/spack-stage/spack-stage-fPQgje/chameleon-0.9.1/spack-build/CMakeFiles/CMakeTmp'


Determining if the function pthread_create exists in the pthread passed with the following output:
Change Dir: /tmp/marcos/spack-stage/spack-stage-fPQgje/chameleon-0.9.1/spack-build/CMakeFiles/CMakeTmp

Run Build Command:"/usr/bin/gmake" "cmTC_003cb/fast"
/usr/bin/gmake -f CMakeFiles/cmTC_003cb.dir/build.make CMakeFiles/cmTC_003cb.dir/build
gmake[1]: Entering directory `/tmp/marcos/spack-stage/spack-stage-fPQgje/chameleon-0.9.1/spack-build/CMakeFiles/CMakeTmp'
Building C object CMakeFiles/cmTC_003cb.dir/CheckFunctionExists.c.o
/home/marcos/chameleon/spack/lib/spack/env/gcc/gcc    -DCHECK_FUNCTION_EXISTS=pthread_create   -o CMakeFiles/cmTC_003cb.dir/CheckFunctionExists.c.o   -c /home/marcos/chameleon/spack/opt/spack/linux-x86_64/gcc-4.8.5/cmake-3.7.2-wxxosgus6wenpd7b6wowwmtx3dii66m7/share/cmake-3.7/Modules/CheckFunctionExists.c
Linking C executable cmTC_003cb
/home/marcos/chameleon/spack/opt/spack/linux-x86_64/gcc-4.8.5/cmake-3.7.2-wxxosgus6wenpd7b6wowwmtx3dii66m7/bin/cmake -E cmake_link_script CMakeFiles/cmTC_003cb.dir/link.txt --verbose=1
/home/marcos/chameleon/spack/lib/spack/env/gcc/gcc   -DCHECK_FUNCTION_EXISTS=pthread_create  -lgfortran  CMakeFiles/cmTC_003cb.dir/CheckFunctionExists.c.o  -o cmTC_003cb -rdynamic -lpthread 
gmake[1]: Leaving directory `/tmp/marcos/spack-stage/spack-stage-fPQgje/chameleon-0.9.1/spack-build/CMakeFiles/CMakeTmp'


Determining if the function cblas_dscal exists passed with the following output:
Change Dir: /tmp/marcos/spack-stage/spack-stage-fPQgje/chameleon-0.9.1/spack-build/CMakeFiles/CMakeTmp

Run Build Command:"/usr/bin/gmake" "cmTC_0c67c/fast"
/usr/bin/gmake -f CMakeFiles/cmTC_0c67c.dir/build.make CMakeFiles/cmTC_0c67c.dir/build
gmake[1]: Entering directory `/tmp/marcos/spack-stage/spack-stage-fPQgje/chameleon-0.9.1/spack-build/CMakeFiles/CMakeTmp'
Building C object CMakeFiles/cmTC_0c67c.dir/CheckFunctionExists.c.o
/home/marcos/chameleon/spack/lib/spack/env/gcc/gcc    -DCHECK_FUNCTION_EXISTS=cblas_dscal   -o CMakeFiles/cmTC_0c67c.dir/CheckFunctionExists.c.o   -c /home/marcos/chameleon/spack/opt/spack/linux-x86_64/gcc-4.8.5/cmake-3.7.2-wxxosgus6wenpd7b6wowwmtx3dii66m7/share/cmake-3.7/Modules/CheckFunctionExists.c
Linking C executable cmTC_0c67c
/home/marcos/chameleon/spack/opt/spack/linux-x86_64/gcc-4.8.5/cmake-3.7.2-wxxosgus6wenpd7b6wowwmtx3dii66m7/bin/cmake -E cmake_link_script CMakeFiles/cmTC_0c67c.dir/link.txt --verbose=1
/home/marcos/chameleon/spack/lib/spack/env/gcc/gcc   -DCHECK_FUNCTION_EXISTS=cblas_dscal  -lgfortran  CMakeFiles/cmTC_0c67c.dir/CheckFunctionExists.c.o  -o cmTC_0c67c -rdynamic -L/home/marcos/chameleon/spack/opt/spack/linux-x86_64/gcc-4.8.5/openblas-0.2.19-ucyililz2mufocy7t5245pozxecbyfc7/lib -lopenblas 
gmake[1]: Leaving directory `/tmp/marcos/spack-stage/spack-stage-fPQgje/chameleon-0.9.1/spack-build/CMakeFiles/CMakeTmp'


Determining if the function LAPACKE_dgeqrf exists passed with the following output:
Change Dir: /tmp/marcos/spack-stage/spack-stage-fPQgje/chameleon-0.9.1/spack-build/CMakeFiles/CMakeTmp

Run Build Command:"/usr/bin/gmake" "cmTC_cf34f/fast"
/usr/bin/gmake -f CMakeFiles/cmTC_cf34f.dir/build.make CMakeFiles/cmTC_cf34f.dir/build
gmake[1]: Entering directory `/tmp/marcos/spack-stage/spack-stage-fPQgje/chameleon-0.9.1/spack-build/CMakeFiles/CMakeTmp'
Building C object CMakeFiles/cmTC_cf34f.dir/CheckFunctionExists.c.o
/home/marcos/chameleon/spack/lib/spack/env/gcc/gcc    -DCHECK_FUNCTION_EXISTS=LAPACKE_dgeqrf   -o CMakeFiles/cmTC_cf34f.dir/CheckFunctionExists.c.o   -c /home/marcos/chameleon/spack/opt/spack/linux-x86_64/gcc-4.8.5/cmake-3.7.2-wxxosgus6wenpd7b6wowwmtx3dii66m7/share/cmake-3.7/Modules/CheckFunctionExists.c
Linking C executable cmTC_cf34f
/home/marcos/chameleon/spack/opt/spack/linux-x86_64/gcc-4.8.5/cmake-3.7.2-wxxosgus6wenpd7b6wowwmtx3dii66m7/bin/cmake -E cmake_link_script CMakeFiles/cmTC_cf34f.dir/link.txt --verbose=1
/home/marcos/chameleon/spack/lib/spack/env/gcc/gcc   -DCHECK_FUNCTION_EXISTS=LAPACKE_dgeqrf  -lgfortran  CMakeFiles/cmTC_cf34f.dir/CheckFunctionExists.c.o  -o cmTC_cf34f -rdynamic -L/home/marcos/chameleon/spack/opt/spack/linux-x86_64/gcc-4.8.5/openblas-0.2.19-ucyililz2mufocy7t5245pozxecbyfc7/lib -lopenblas 
gmake[1]: Leaving directory `/tmp/marcos/spack-stage/spack-stage-fPQgje/chameleon-0.9.1/spack-build/CMakeFiles/CMakeTmp'


Determining if the Fortran dlarnv exists passed with the following output:
Change Dir: /tmp/marcos/spack-stage/spack-stage-fPQgje/chameleon-0.9.1/spack-build/CMakeFiles/CMakeTmp

Run Build Command:"/usr/bin/gmake" "cmTC_0c822/fast"
/usr/bin/gmake -f CMakeFiles/cmTC_0c822.dir/build.make CMakeFiles/cmTC_0c822.dir/build
gmake[1]: Entering directory `/tmp/marcos/spack-stage/spack-stage-fPQgje/chameleon-0.9.1/spack-build/CMakeFiles/CMakeTmp'
Building Fortran object CMakeFiles/cmTC_0c822.dir/testFortranCompiler.f.o
/home/marcos/chameleon/spack/lib/spack/env/gcc/gfortran    -cpp -ffree-form    -c /tmp/marcos/spack-stage/spack-stage-fPQgje/chameleon-0.9.1/spack-build/CMakeFiles/CMakeTmp/testFortranCompiler.f -o CMakeFiles/cmTC_0c822.dir/testFortranCompiler.f.o
Linking Fortran executable cmTC_0c822
/home/marcos/chameleon/spack/opt/spack/linux-x86_64/gcc-4.8.5/cmake-3.7.2-wxxosgus6wenpd7b6wowwmtx3dii66m7/bin/cmake -E cmake_link_script CMakeFiles/cmTC_0c822.dir/link.txt --verbose=1
/home/marcos/chameleon/spack/lib/spack/env/gcc/gfortran   -lgfortran  -cpp -ffree-form  CMakeFiles/cmTC_0c822.dir/testFortranCompiler.f.o  -o cmTC_0c822  -L/home/marcos/chameleon/spack/opt/spack/linux-x86_64/gcc-4.8.5/openblas-0.2.19-ucyililz2mufocy7t5245pozxecbyfc7/lib -lopenblas 
gmake[1]: Leaving directory `/tmp/marcos/spack-stage/spack-stage-fPQgje/chameleon-0.9.1/spack-build/CMakeFiles/CMakeTmp'


Determining if the Fortran dlagsy exists passed with the following output:
Change Dir: /tmp/marcos/spack-stage/spack-stage-fPQgje/chameleon-0.9.1/spack-build/CMakeFiles/CMakeTmp

Run Build Command:"/usr/bin/gmake" "cmTC_0fa6e/fast"
/usr/bin/gmake -f CMakeFiles/cmTC_0fa6e.dir/build.make CMakeFiles/cmTC_0fa6e.dir/build
gmake[1]: Entering directory `/tmp/marcos/spack-stage/spack-stage-fPQgje/chameleon-0.9.1/spack-build/CMakeFiles/CMakeTmp'
Building Fortran object CMakeFiles/cmTC_0fa6e.dir/testFortranCompiler.f.o
/home/marcos/chameleon/spack/lib/spack/env/gcc/gfortran    -cpp -ffree-form    -c /tmp/marcos/spack-stage/spack-stage-fPQgje/chameleon-0.9.1/spack-build/CMakeFiles/CMakeTmp/testFortranCompiler.f -o CMakeFiles/cmTC_0fa6e.dir/testFortranCompiler.f.o
Linking Fortran executable cmTC_0fa6e
/home/marcos/chameleon/spack/opt/spack/linux-x86_64/gcc-4.8.5/cmake-3.7.2-wxxosgus6wenpd7b6wowwmtx3dii66m7/bin/cmake -E cmake_link_script CMakeFiles/cmTC_0fa6e.dir/link.txt --verbose=1
/home/marcos/chameleon/spack/lib/spack/env/gcc/gfortran   -lgfortran  -cpp -ffree-form  CMakeFiles/cmTC_0fa6e.dir/testFortranCompiler.f.o  -o cmTC_0fa6e  -L/home/marcos/chameleon/spack/opt/spack/linux-x86_64/gcc-4.8.5/openblas-0.2.19-ucyililz2mufocy7t5245pozxecbyfc7/lib -lopenblas 
gmake[1]: Leaving directory `/tmp/marcos/spack-stage/spack-stage-fPQgje/chameleon-0.9.1/spack-build/CMakeFiles/CMakeTmp'


Determining if the function starpu_init exists passed with the following output:
Change Dir: /tmp/marcos/spack-stage/spack-stage-fPQgje/chameleon-0.9.1/spack-build/CMakeFiles/CMakeTmp

Run Build Command:"/usr/bin/gmake" "cmTC_39638/fast"
/usr/bin/gmake -f CMakeFiles/cmTC_39638.dir/build.make CMakeFiles/cmTC_39638.dir/build
gmake[1]: Entering directory `/tmp/marcos/spack-stage/spack-stage-fPQgje/chameleon-0.9.1/spack-build/CMakeFiles/CMakeTmp'
Building C object CMakeFiles/cmTC_39638.dir/CheckFunctionExists.c.o
/home/marcos/chameleon/spack/lib/spack/env/gcc/gcc   -I/home/marcos/chameleon/spack/opt/spack/linux-x86_64/gcc-4.8.5/starpu-1.2.1-b3ym3ekzbvawzmi5ft7u4wsoomckww6p/include/starpu/1.2 -I/home/marcos/chameleon/spack/opt/spack/linux-x86_64/gcc-4.8.5/hwloc-1.11.6-4f6amaulmun4f2wg2rvyhinnfq7e4msj/include -I/home/marcos/chameleon/spack/opt/spack/linux-x86_64/gcc-4.8.5/openmpi-2.0.1-wmrycolmrlgieebzmb7vbndworuorggr/include  -DCHECK_FUNCTION_EXISTS=starpu_init   -o CMakeFiles/cmTC_39638.dir/CheckFunctionExists.c.o   -c /home/marcos/chameleon/spack/opt/spack/linux-x86_64/gcc-4.8.5/cmake-3.7.2-wxxosgus6wenpd7b6wowwmtx3dii66m7/share/cmake-3.7/Modules/CheckFunctionExists.c
Linking C executable cmTC_39638
/home/marcos/chameleon/spack/opt/spack/linux-x86_64/gcc-4.8.5/cmake-3.7.2-wxxosgus6wenpd7b6wowwmtx3dii66m7/bin/cmake -E cmake_link_script CMakeFiles/cmTC_39638.dir/link.txt --verbose=1
/home/marcos/chameleon/spack/lib/spack/env/gcc/gcc   -DCHECK_FUNCTION_EXISTS=starpu_init  -lgfortran  CMakeFiles/cmTC_39638.dir/CheckFunctionExists.c.o  -o cmTC_39638 -Wl,-rpath,/home/marcos/chameleon/spack/opt/spack/linux-x86_64/gcc-4.8.5/starpu-1.2.1-b3ym3ekzbvawzmi5ft7u4wsoomckww6p/lib:/home/marcos/chameleon/spack/opt/spack/linux-x86_64/gcc-4.8.5/openmpi-2.0.1-wmrycolmrlgieebzmb7vbndworuorggr/lib -rdynamic -Wl,-rpath -Wl,/home/marcos/chameleon/spack/opt/spack/linux-x86_64/gcc-4.8.5/hwloc-1.11.6-4f6amaulmun4f2wg2rvyhinnfq7e4msj/lib -Wl,-rpath -Wl,/home/marcos/chameleon/spack/opt/spack/linux-x86_64/gcc-4.8.5/openmpi-2.0.1-wmrycolmrlgieebzmb7vbndworuorggr/lib -Wl,--enable-new-dtags -L/home/marcos/chameleon/spack/opt/spack/linux-x86_64/gcc-4.8.5/starpu-1.2.1-b3ym3ekzbvawzmi5ft7u4wsoomckww6p/lib -L/home/marcos/chameleon/spack/opt/spack/linux-x86_64/gcc-4.8.5/hwloc-1.11.6-4f6amaulmun4f2wg2rvyhinnfq7e4msj/lib /home/marcos/chameleon/spack/opt/spack/linux-x86_64/gcc-4.8.5/starpu-1.2.1-b3ym3ekzbvawzmi5ft7u4wsoomckww6p/lib/libstarpumpi-1.2.so /home/marcos/chameleon/spack/opt/spack/linux-x86_64/gcc-4.8.5/starpu-1.2.1-b3ym3ekzbvawzmi5ft7u4wsoomckww6p/lib/libstarpu-1.2.so -lhwloc /home/marcos/chameleon/spack/opt/spack/linux-x86_64/gcc-4.8.5/openmpi-2.0.1-wmrycolmrlgieebzmb7vbndworuorggr/lib/libmpi.so -lgfortran 
gmake[1]: Leaving directory `/tmp/marcos/spack-stage/spack-stage-fPQgje/chameleon-0.9.1/spack-build/CMakeFiles/CMakeTmp'


Determining if the function starpu_data_idle_prefetch_on_node exists passed with the following output:
Change Dir: /tmp/marcos/spack-stage/spack-stage-fPQgje/chameleon-0.9.1/spack-build/CMakeFiles/CMakeTmp

Run Build Command:"/usr/bin/gmake" "cmTC_50ff0/fast"
/usr/bin/gmake -f CMakeFiles/cmTC_50ff0.dir/build.make CMakeFiles/cmTC_50ff0.dir/build
gmake[1]: Entering directory `/tmp/marcos/spack-stage/spack-stage-fPQgje/chameleon-0.9.1/spack-build/CMakeFiles/CMakeTmp'
Building C object CMakeFiles/cmTC_50ff0.dir/CheckFunctionExists.c.o
/home/marcos/chameleon/spack/lib/spack/env/gcc/gcc   -I/home/marcos/chameleon/spack/opt/spack/linux-x86_64/gcc-4.8.5/starpu-1.2.1-b3ym3ekzbvawzmi5ft7u4wsoomckww6p/include/starpu/1.2  -DCHECK_FUNCTION_EXISTS=starpu_data_idle_prefetch_on_node -L/home/marcos/chameleon/spack/opt/spack/linux-x86_64/gcc-4.8.5/starpu-1.2.1-b3ym3ekzbvawzmi5ft7u4wsoomckww6p/lib   -o CMakeFiles/cmTC_50ff0.dir/CheckFunctionExists.c.o   -c /home/marcos/chameleon/spack/opt/spack/linux-x86_64/gcc-4.8.5/cmake-3.7.2-wxxosgus6wenpd7b6wowwmtx3dii66m7/share/cmake-3.7/Modules/CheckFunctionExists.c
Linking C executable cmTC_50ff0
/home/marcos/chameleon/spack/opt/spack/linux-x86_64/gcc-4.8.5/cmake-3.7.2-wxxosgus6wenpd7b6wowwmtx3dii66m7/bin/cmake -E cmake_link_script CMakeFiles/cmTC_50ff0.dir/link.txt --verbose=1
/home/marcos/chameleon/spack/lib/spack/env/gcc/gcc   -DCHECK_FUNCTION_EXISTS=starpu_data_idle_prefetch_on_node -L/home/marcos/chameleon/spack/opt/spack/linux-x86_64/gcc-4.8.5/starpu-1.2.1-b3ym3ekzbvawzmi5ft7u4wsoomckww6p/lib  -lgfortran  CMakeFiles/cmTC_50ff0.dir/CheckFunctionExists.c.o  -o cmTC_50ff0 -Wl,-rpath,/home/marcos/chameleon/spack/opt/spack/linux-x86_64/gcc-4.8.5/starpu-1.2.1-b3ym3ekzbvawzmi5ft7u4wsoomckww6p/lib -rdynamic /home/marcos/chameleon/spack/opt/spack/linux-x86_64/gcc-4.8.5/starpu-1.2.1-b3ym3ekzbvawzmi5ft7u4wsoomckww6p/lib/libstarpu-1.2.so 
gmake[1]: Leaving directory `/tmp/marcos/spack-stage/spack-stage-fPQgje/chameleon-0.9.1/spack-build/CMakeFiles/CMakeTmp'


Determining if the function starpu_data_wont_use exists passed with the following output:
Change Dir: /tmp/marcos/spack-stage/spack-stage-fPQgje/chameleon-0.9.1/spack-build/CMakeFiles/CMakeTmp

Run Build Command:"/usr/bin/gmake" "cmTC_c527f/fast"
/usr/bin/gmake -f CMakeFiles/cmTC_c527f.dir/build.make CMakeFiles/cmTC_c527f.dir/build
gmake[1]: Entering directory `/tmp/marcos/spack-stage/spack-stage-fPQgje/chameleon-0.9.1/spack-build/CMakeFiles/CMakeTmp'
Building C object CMakeFiles/cmTC_c527f.dir/CheckFunctionExists.c.o
/home/marcos/chameleon/spack/lib/spack/env/gcc/gcc   -I/home/marcos/chameleon/spack/opt/spack/linux-x86_64/gcc-4.8.5/starpu-1.2.1-b3ym3ekzbvawzmi5ft7u4wsoomckww6p/include/starpu/1.2  -DCHECK_FUNCTION_EXISTS=starpu_data_wont_use -L/home/marcos/chameleon/spack/opt/spack/linux-x86_64/gcc-4.8.5/starpu-1.2.1-b3ym3ekzbvawzmi5ft7u4wsoomckww6p/lib   -o CMakeFiles/cmTC_c527f.dir/CheckFunctionExists.c.o   -c /home/marcos/chameleon/spack/opt/spack/linux-x86_64/gcc-4.8.5/cmake-3.7.2-wxxosgus6wenpd7b6wowwmtx3dii66m7/share/cmake-3.7/Modules/CheckFunctionExists.c
Linking C executable cmTC_c527f
/home/marcos/chameleon/spack/opt/spack/linux-x86_64/gcc-4.8.5/cmake-3.7.2-wxxosgus6wenpd7b6wowwmtx3dii66m7/bin/cmake -E cmake_link_script CMakeFiles/cmTC_c527f.dir/link.txt --verbose=1
/home/marcos/chameleon/spack/lib/spack/env/gcc/gcc   -DCHECK_FUNCTION_EXISTS=starpu_data_wont_use -L/home/marcos/chameleon/spack/opt/spack/linux-x86_64/gcc-4.8.5/starpu-1.2.1-b3ym3ekzbvawzmi5ft7u4wsoomckww6p/lib  -lgfortran  CMakeFiles/cmTC_c527f.dir/CheckFunctionExists.c.o  -o cmTC_c527f -Wl,-rpath,/home/marcos/chameleon/spack/opt/spack/linux-x86_64/gcc-4.8.5/starpu-1.2.1-b3ym3ekzbvawzmi5ft7u4wsoomckww6p/lib -rdynamic /home/marcos/chameleon/spack/opt/spack/linux-x86_64/gcc-4.8.5/starpu-1.2.1-b3ym3ekzbvawzmi5ft7u4wsoomckww6p/lib/libstarpu-1.2.so 
gmake[1]: Leaving directory `/tmp/marcos/spack-stage/spack-stage-fPQgje/chameleon-0.9.1/spack-build/CMakeFiles/CMakeTmp'


Determining if the function starpu_mpi_data_register_comm exists passed with the following output:
Change Dir: /tmp/marcos/spack-stage/spack-stage-fPQgje/chameleon-0.9.1/spack-build/CMakeFiles/CMakeTmp

Run Build Command:"/usr/bin/gmake" "cmTC_5a95c/fast"
/usr/bin/gmake -f CMakeFiles/cmTC_5a95c.dir/build.make CMakeFiles/cmTC_5a95c.dir/build
gmake[1]: Entering directory `/tmp/marcos/spack-stage/spack-stage-fPQgje/chameleon-0.9.1/spack-build/CMakeFiles/CMakeTmp'
Building C object CMakeFiles/cmTC_5a95c.dir/CheckFunctionExists.c.o
/home/marcos/chameleon/spack/lib/spack/env/gcc/gcc   -I/home/marcos/chameleon/spack/opt/spack/linux-x86_64/gcc-4.8.5/starpu-1.2.1-b3ym3ekzbvawzmi5ft7u4wsoomckww6p/include/starpu/1.2  -DCHECK_FUNCTION_EXISTS=starpu_mpi_data_register_comm -L/home/marcos/chameleon/spack/opt/spack/linux-x86_64/gcc-4.8.5/starpu-1.2.1-b3ym3ekzbvawzmi5ft7u4wsoomckww6p/lib   -o CMakeFiles/cmTC_5a95c.dir/CheckFunctionExists.c.o   -c /home/marcos/chameleon/spack/opt/spack/linux-x86_64/gcc-4.8.5/cmake-3.7.2-wxxosgus6wenpd7b6wowwmtx3dii66m7/share/cmake-3.7/Modules/CheckFunctionExists.c
Linking C executable cmTC_5a95c
/home/marcos/chameleon/spack/opt/spack/linux-x86_64/gcc-4.8.5/cmake-3.7.2-wxxosgus6wenpd7b6wowwmtx3dii66m7/bin/cmake -E cmake_link_script CMakeFiles/cmTC_5a95c.dir/link.txt --verbose=1
/home/marcos/chameleon/spack/lib/spack/env/gcc/gcc   -DCHECK_FUNCTION_EXISTS=starpu_mpi_data_register_comm -L/home/marcos/chameleon/spack/opt/spack/linux-x86_64/gcc-4.8.5/starpu-1.2.1-b3ym3ekzbvawzmi5ft7u4wsoomckww6p/lib  -lgfortran  CMakeFiles/cmTC_5a95c.dir/CheckFunctionExists.c.o  -o cmTC_5a95c -Wl,-rpath,/home/marcos/chameleon/spack/opt/spack/linux-x86_64/gcc-4.8.5/starpu-1.2.1-b3ym3ekzbvawzmi5ft7u4wsoomckww6p/lib -rdynamic /home/marcos/chameleon/spack/opt/spack/linux-x86_64/gcc-4.8.5/starpu-1.2.1-b3ym3ekzbvawzmi5ft7u4wsoomckww6p/lib/libstarpumpi-1.2.so /home/marcos/chameleon/spack/opt/spack/linux-x86_64/gcc-4.8.5/starpu-1.2.1-b3ym3ekzbvawzmi5ft7u4wsoomckww6p/lib/libstarpu-1.2.so 
gmake[1]: Leaving directory `/tmp/marcos/spack-stage/spack-stage-fPQgje/chameleon-0.9.1/spack-build/CMakeFiles/CMakeTmp'


