%EventDef	PajeDefineContainerType	1
%	Alias	string
%	Type	string
%	Name	string
%EndEventDef
%EventDef	PajeDefineEventType	2
%	Alias	string
%	Type	string
%	Name	string
%EndEventDef
%EventDef	PajeDefineStateType	3
%	Alias	string
%	Type	string
%	Name	string
%EndEventDef
%EventDef	PajeDefineVariableType	4
%	Alias	string
%	Type	string
%	Name	string
%EndEventDef
%EventDef	PajeDefineLinkType	5
%	Alias	string
%	Type	string
%	StartContainerType	string
%	EndContainerType	string
%	Name	string
%EndEventDef
%EventDef	PajeDefineEntityValue	6
%	Alias	string
%	Type	string
%	Name	string
%	Color	color
%EndEventDef
%EventDef	PajeCreateContainer	7
%	Time	date
%	Alias	string
%	Type	string
%	Container	string
%	Name	string
%EndEventDef
%EventDef	PajeDestroyContainer	8
%	Time	date
%	Name	string
%	Type	string
%EndEventDef
%EventDef	PajeNewEvent	9
%	Time	date
%	Type	string
%	Container	string
%	Value	string
%EndEventDef
%EventDef PajeSetState 10
%	Time	date
%	Container	string
%	Type	string
%	Value	string
%EndEventDef
%EventDef	PajePushState	11
%	Time	date
%	Container	string
%	Type	string
%	Value	string
%EndEventDef
%EventDef	PajePopState	12
%	Time	date
%	Container	string
%	Type	string
%EndEventDef
%EventDef	PajeSetVariable	13
%	Time	date
%	Container	string
%	Type	string
%	Value	double
%EndEventDef
%EventDef	PajeAddVariable	14
%	Time	date
%	Type	string
%	Container	string
%	Value	double
%EndEventDef
%EventDef	PajeSubVariable	15
%	Time	date
%	Type	string
%	Container	string
%	Value	double
%EndEventDef
%EventDef	PajeStartLink	18
%	Time	date
%	Type	string
%	Container	string
%	Value	string
%	StartContainer	string
%	Key	string
%EndEventDef
%EventDef	PajeEndLink	19
%	Time	date
%	Type	string
%	Container	string
%	Value	string
%	EndContainer	string
%	Key	string
%EndEventDef
%EventDef PajeSetState 20
%	Time	date
%	Container	string
%	Type	string
%	Value	string
%	Size	string
%	Params	string
%	Footprint	string
%	Tag	string
%	JobId	string
%EndEventDef
                                        
1       MPIP      0       "MPI Program"                      	
1       P      MPIP       "Program"                      	
1       Mn      P       "Memory Node"                         
1       T      Mn       "Thread"                               
1       UT      P       "User Thread"                               
1       Mm      Mn       "Memory Manager"                         
1       W      T       "Worker"                               
1       MPICt   T       "MPI Communication Thread"              
1       Sc       P       "Scheduler State"                        
2       prog_event   P       "program event type"				
2       user_event   T       "user event type"				
2       thread_event   T       "thread event type"				
2       user_event   UT       "user event type"				
2       thread_event   UT       "thread event type"				
2       MPIev   MPICt    "MPI event type"			
3       S       T       "Thread State"                        
3       CtS     MPICt    "Communication Thread State"          
3       Ctx1      T     "InCtx1"         		
3       Ctx2      T     "InCtx2"         		
3       Ctx3      T     "InCtx3"         		
3       Ctx4      T     "InCtx4"         		
3       Ctx5      T     "InCtx5"         		
3       Ctx6      T     "InCtx6"         		
3       Ctx7      T     "InCtx7"         		
3       Ctx8      T     "InCtx8"         		
3       Ctx9      T     "InCtx9"         		
3       MS       Mm       "Memory Node State"                        
4       nsubmitted    Sc       "Number of Submitted Uncompleted Tasks"                        
4       nready    Sc       "Number of Ready Tasks"                        
4       bw      Mm       "Bandwidth"                        
6       I       S       Idle         ".9 .1 .0"		
6       In       S      Initializing       "0.0 .7 1.0"            
6       D       S      Deinitializing       "0.0 .1 .7"            
6       Fi       S      FetchingInput       "1.0 .1 1.0"            
6       Po       S      PushingOutput       "0.1 1.0 1.0"            
6       C       S       Callback       ".0 .3 .8"            
6       B       S       Overhead         ".5 .18 .0"		
6       E       S       Executing         ".0 .6 .5"		
6       Sc       S      Scheduling         ".7 .36 .0"		
6       Sl       S      Sleeping         ".9 .1 .0"		
6       P       S       Progressing         ".4 .1 .6"		
6       U       S       Unpartitioning      ".0 .0 1.0"		
6       H       S       Hypervisor      ".5 .18 .0"		
6       Bu      S       "Building task"   ".5 .18 .0"		
6       Su      S       "Submittings task" ".3 .09 .0"		
6       MD      S       "Decoding task for MPI" ".5 .18 .2"		
6       MPr     S       "Preparing task for MPI" ".4 .14 .2"		
6       MPo     S       "Post-processing task for MPI" ".3 .09 .2"		
3       WS       W       "Worker State"                        
6       I       WS       Idle         ".9 .1 .0"		
6       In       WS      Initializing       "0.0 .7 1.0"            
6       D       WS      Deinitializing       "0.0 .1 .7"            
6       Fi       WS      FetchingInput       "1.0 .1 1.0"            
6       Po       WS      PushingOutput       "0.1 1.0 1.0"            
6       C       WS       Callback       ".0 .3 .8"            
6       B       WS       Overhead         ".5 .18 .0"		
6       E       WS       Executing         ".0 .6 .5"		
6       Sc       WS      Scheduling         ".7 .36 .0"		
6       Sl       WS      Sleeping         ".9 .1 .0"		
6       P       WS       Progressing         ".4 .1 .6"		
6       U       WS       Unpartitioning      ".0 .0 1.0"		
6       H       WS       Hypervisor      ".5 .18 .0"		
3       US       UT       "User Thread State"                        
6       Bu      US      "Building task"   ".5 .18 .0"		
6       Su      US      "Submittings task" ".3 .09 .0"		
6       MD      US      "Decoding task for MPI" ".5 .18 .2"		
6       MPr     US      "Preparing task for MPI" ".4 .14 .2"		
6       MPo     US      "Post-processing task for MPI" ".3 .09 .2"		
6       W       US      "Waiting task" ".9 .1 .0"		
6       WA      US      "Waiting all tasks" ".9 .1 .0"		
6       No      US      Nothing ".0 .0 .0"		
6       P       CtS       Processing         "0 0 0"		
6       Sl       CtS      Sleeping         ".9 .1 .0"		
6       UT       CtS      UserTesting        ".2 .1 .6"	
6       UW       CtS      UserWaiting        ".4 .1 .3"	
6       SdS       CtS      SendSubmitted     "1.0 .1 1.0"	
6       RvS       CtS      RecieveSubmitted  "0.1 1.0 1.0"	
6       SdC       CtS      SendCompleted     "1.0 .5 1.0"	
6       RvC       CtS      ReceiveCompleted  "0.5 1.0 1.0"	
6       Bu      CtS      "Building task"   ".5 .18 .0"		
6       Su      CtS      "Submittings task" ".3 .09 .0"		
6       I       Ctx1      Idle         ".9 .1 .0"		
6       In       Ctx1      Initializing       "0.0 .7 1.0"            
6       D       Ctx1      Deinitializing       "0.0 .1 .7"            
6       Fi       Ctx1      FetchingInput       "1.0 .1 1.0"            
6       Po       Ctx1      PushingOutput       "0.1 1.0 1.0"            
6       C       Ctx1       Callback       ".0 .3 .8"            
6       B       Ctx1       Overhead         ".5 .18 .0"		
6       E       Ctx1       Executing         ".0 .6 .5"		
6       Sc       Ctx1      Scheduling         ".7 .36 .0"		
6       Sl       Ctx1      Sleeping         ".9 .1 .0"		
6       P       Ctx1       Progressing         ".4 .1 .6"		
6       U       Ctx1       Unpartitioning         ".0 .0 1.0"	
6       H       Ctx1       Hypervisor         ".5 .18 .0"		
6       I       Ctx2      Idle         ".9 .1 .0"		
6       In       Ctx2      Initializing       "0.0 .7 1.0"            
6       D       Ctx2      Deinitializing       "0.0 .1 .7"            
6       Fi       Ctx2      FetchingInput       "1.0 .1 1.0"            
6       Po       Ctx2      PushingOutput       "0.1 1.0 1.0"            
6       C       Ctx2       Callback       ".0 .3 .8"            
6       B       Ctx2       Overhead         ".5 .18 .0"		
6       E       Ctx2       Executing         ".0 .6 .5"		
6       Sc       Ctx2      Scheduling         ".7 .36 .0"		
6       Sl       Ctx2      Sleeping         ".9 .1 .0"		
6       P       Ctx2       Progressing         ".4 .1 .6"		
6       U       Ctx2       Unpartitioning         ".0 .0 1.0"	
6       H       Ctx2       Hypervisor         ".5 .18 .0"		
6       I       Ctx3      Idle         ".9 .1 .0"		
6       In       Ctx3      Initializing       "0.0 .7 1.0"            
6       D       Ctx3      Deinitializing       "0.0 .1 .7"            
6       Fi       Ctx3      FetchingInput       "1.0 .1 1.0"            
6       Po       Ctx3      PushingOutput       "0.1 1.0 1.0"            
6       C       Ctx3       Callback       ".0 .3 .8"            
6       B       Ctx3       Overhead         ".5 .18 .0"		
6       E       Ctx3       Executing         ".0 .6 .5"		
6       Sc       Ctx3      Scheduling         ".7 .36 .0"		
6       Sl       Ctx3      Sleeping         ".9 .1 .0"		
6       P       Ctx3       Progressing         ".4 .1 .6"		
6       U       Ctx3       Unpartitioning         ".0 .0 1.0"	
6       H       Ctx3       Hypervisor         ".5 .18 .0"		
6       I       Ctx4      Idle         ".9 .1 .0"		
6       In       Ctx4      Initializing       "0.0 .7 1.0"            
6       D       Ctx4      Deinitializing       "0.0 .1 .7"            
6       Fi       Ctx4      FetchingInput       "1.0 .1 1.0"            
6       Po       Ctx4      PushingOutput       "0.1 1.0 1.0"            
6       C       Ctx4       Callback       ".0 .3 .8"            
6       B       Ctx4       Overhead         ".5 .18 .0"		
6       E       Ctx4       Executing         ".0 .6 .5"		
6       Sc       Ctx4      Scheduling         ".7 .36 .0"		
6       Sl       Ctx4      Sleeping         ".9 .1 .0"		
6       P       Ctx4       Progressing         ".4 .1 .6"		
6       U       Ctx4       Unpartitioning         ".0 .0 1.0"	
6       H       Ctx4       Hypervisor         ".5 .18 .0"		
6       I       Ctx5      Idle         ".9 .1 .0"		
6       In       Ctx5      Initializing       "0.0 .7 1.0"            
6       D       Ctx5      Deinitializing       "0.0 .1 .7"            
6       Fi       Ctx5      FetchingInput       "1.0 .1 1.0"            
6       Po       Ctx5      PushingOutput       "0.1 1.0 1.0"            
6       C       Ctx5       Callback       ".0 .3 .8"            
6       B       Ctx5       Overhead         ".5 .18 .0"		
6       E       Ctx5       Executing         ".0 .6 .5"		
6       Sc       Ctx5      Scheduling         ".7 .36 .0"		
6       Sl       Ctx5      Sleeping         ".9 .1 .0"		
6       P       Ctx5       Progressing         ".4 .1 .6"		
6       U       Ctx5       Unpartitioning         ".0 .0 1.0"	
6       H       Ctx5       Hypervisor         ".5 .18 .0"		
6       I       Ctx6      Idle         ".9 .1 .0"		
6       In       Ctx6      Initializing       "0.0 .7 1.0"            
6       D       Ctx6      Deinitializing       "0.0 .1 .7"            
6       Fi       Ctx6      FetchingInput       "1.0 .1 1.0"            
6       Po       Ctx6      PushingOutput       "0.1 1.0 1.0"            
6       C       Ctx6       Callback       ".0 .3 .8"            
6       B       Ctx6       Overhead         ".5 .18 .0"		
6       E       Ctx6       Executing         ".0 .6 .5"		
6       Sc       Ctx6      Scheduling         ".7 .36 .0"		
6       Sl       Ctx6      Sleeping         ".9 .1 .0"		
6       P       Ctx6       Progressing         ".4 .1 .6"		
6       U       Ctx6       Unpartitioning         ".0 .0 1.0"	
6       H       Ctx6       Hypervisor         ".5 .18 .0"		
6       I       Ctx7      Idle         ".9 .1 .0"		
6       In       Ctx7      Initializing       "0.0 .7 1.0"            
6       D       Ctx7      Deinitializing       "0.0 .1 .7"            
6       Fi       Ctx7      FetchingInput       "1.0 .1 1.0"            
6       Po       Ctx7      PushingOutput       "0.1 1.0 1.0"            
6       C       Ctx7       Callback       ".0 .3 .8"            
6       B       Ctx7       Overhead         ".5 .18 .0"		
6       E       Ctx7       Executing         ".0 .6 .5"		
6       Sc       Ctx7      Scheduling         ".7 .36 .0"		
6       Sl       Ctx7      Sleeping         ".9 .1 .0"		
6       P       Ctx7       Progressing         ".4 .1 .6"		
6       U       Ctx7       Unpartitioning         ".0 .0 1.0"	
6       H       Ctx7       Hypervisor         ".5 .18 .0"		
6       I       Ctx8      Idle         ".9 .1 .0"		
6       In       Ctx8      Initializing       "0.0 .7 1.0"            
6       D       Ctx8      Deinitializing       "0.0 .1 .7"            
6       Fi       Ctx8      FetchingInput       "1.0 .1 1.0"            
6       Po       Ctx8      PushingOutput       "0.1 1.0 1.0"            
6       C       Ctx8       Callback       ".0 .3 .8"            
6       B       Ctx8       Overhead         ".5 .18 .0"		
6       E       Ctx8       Executing         ".0 .6 .5"		
6       Sc       Ctx8      Scheduling         ".7 .36 .0"		
6       Sl       Ctx8      Sleeping         ".9 .1 .0"		
6       P       Ctx8       Progressing         ".4 .1 .6"		
6       U       Ctx8       Unpartitioning         ".0 .0 1.0"	
6       H       Ctx8       Hypervisor         ".5 .18 .0"		
6       I       Ctx9      Idle         ".9 .1 .0"		
6       In       Ctx9      Initializing       "0.0 .7 1.0"            
6       D       Ctx9      Deinitializing       "0.0 .1 .7"            
6       Fi       Ctx9      FetchingInput       "1.0 .1 1.0"            
6       Po       Ctx9      PushingOutput       "0.1 1.0 1.0"            
6       C       Ctx9       Callback       ".0 .3 .8"            
6       B       Ctx9       Overhead         ".5 .18 .0"		
6       E       Ctx9       Executing         ".0 .6 .5"		
6       Sc       Ctx9      Scheduling         ".7 .36 .0"		
6       Sl       Ctx9      Sleeping         ".9 .1 .0"		
6       P       Ctx9       Progressing         ".4 .1 .6"		
6       U       Ctx9       Unpartitioning         ".0 .0 1.0"	
6       H       Ctx9       Hypervisor         ".5 .18 .0"		
6       A       MS      Allocating         ".4 .1 .0"		
6       Ar       MS      AllocatingReuse       ".1 .1 .8"		
6       F       MS      Freeing         ".6 .3 .0"		
6       W       MS      WritingBack         ".0 .0 .5"		
6       Wa       MS     WritingBackAsync    ".0 .0 .4"		
6       R       MS      Reclaiming         ".0 .1 .6"		
6       Co       MS     DriverCopy         ".3 .5 .1"		
6       CoA      MS     DriverCopyAsync         ".1 .3 .1"		
6       No       MS     Nothing         ".0 .0 .0"		
5       MPIL     P	MPICt	MPICt   MPIL			
5       F       P	Mm	Mm      F
5       PF      P	Mm	Mm      PF
5       IF      P	Mm	Mm      IF
5       WSL     P	W	W       WSL
7      0.0 MPIroot      MPIP      0       root
7	0.0	p	P	MPIroot	program 
7	0.000000000	sched	Sc	p	scheduler
13	0.0	sched	nsubmitted	0.0
13	0.0	sched	nready	0.0
7	2026.455809000	mn0	Mn	p	MEMNODE0
7	2026.455809000	mm0	Mm	mn0	MEMMANAGER0
13	2026.455809000	mm0	bw	0.0
7	2026.540864000	t30224	T	mn0	0
7	2026.540864000	w0	W	t30224	CPU0
10	2026.540864000	w0	WS	In
10	2026.590157000	w0	WS	B
10	2026.590157000	w0	WS	I
10	2026.605990000	w0	WS	Sc
10	2026.609193000	w0	WS	Sl
7	2026.612474000	t30225	T	mn0	2
7	2026.612474000	w1	W	t30225	CPU1
10	2026.612474000	w1	WS	In
10	2026.656566000	w1	WS	B
10	2026.656566000	w1	WS	I
10	2026.657746000	w1	WS	Sc
10	2026.658851000	w1	WS	Sl
7	2026.692459000	t30226	T	mn0	4
7	2026.692459000	w2	W	t30226	CPU2
10	2026.692459000	w2	WS	In
10	2026.710794000	w2	WS	B
10	2026.710794000	w2	WS	I
10	2026.712082000	w2	WS	Sc
10	2026.713464000	w2	WS	Sl
7	2026.722228000	t30227	T	mn0	6
7	2026.722228000	w3	W	t30227	CPU3
10	2026.722228000	w3	WS	In
10	2026.735939000	w3	WS	B
10	2026.735939000	w3	WS	I
10	2026.736974000	w3	WS	Sc
10	2026.738044000	w3	WS	Sl
7	2026.745298000	t30228	T	mn0	0
7	2026.745298000	w4	W	t30228	CPU4
10	2026.745298000	w4	WS	In
10	2030.480083000	w4	WS	B
10	2030.480083000	w4	WS	I
10	2030.480565000	w4	WS	Sc
10	2030.481096000	w4	WS	Sl
7	2030.596819000	t30229	T	mn0	2
7	2030.596819000	w5	W	t30229	CPU5
10	2030.596819000	w5	WS	In
10	2042.476571000	w5	WS	B
10	2042.476571000	w5	WS	I
10	2042.477011000	w5	WS	Sc
10	2042.477501000	w5	WS	Sl
7	2042.491072000	t30230	T	mn0	4
7	2042.491072000	w6	W	t30230	CPU6
10	2042.491072000	w6	WS	In
10	2054.475787000	w6	WS	B
10	2054.475787000	w6	WS	I
10	2054.476326000	w6	WS	Sc
10	2054.477028000	w6	WS	Sl
7	2054.489162000	t30231	T	mn0	6
7	2054.489162000	w7	W	t30231	CPU7
10	2054.489162000	w7	WS	In
10	2066.477854000	w7	WS	B
10	2066.477854000	w7	WS	I
10	2066.483925000	w7	WS	Sc
10	2066.484473000	w7	WS	Sl
9	2066.492022000	prog_event	p	stop_profiling
9	2106.516936000	prog_event	p	start_profiling
7	2106.519333000	t30212	UT	p	UserThread30212
11	2106.519333000	t30212	US	Bu
12	2106.524113000	t30212	US
11	2106.524801000	t30212	US	Su
13	2106.525385000	sched nsubmitted	1.000000
13	2106.534192000	sched	nready	1.000000
12	2106.535751000	t30212	US
13	2106.535784000	sched	nready	0.000000
13	2106.535784000	sched	nsubmitted	0.000000
10	2106.536237000	w1	WS	B
10	2106.537402000	w1	WS	Fi
10	2106.537867000	w1	WS	B
6	spotrf	WS	spotrf	"0.000000 0.600000 0.400000" 
6	spotrf	Ctx1	spotrf	"255.0 102.0 255.0" 
6	spotrf	Ctx2	spotrf	".0 255.0 .0" 
6	spotrf	Ctx3	spotrf	"225.0 225.0 .0" 
6	spotrf	Ctx4	spotrf	".0 245.0 255.0" 
6	spotrf	Ctx5	spotrf	".0 .0 .0" 
6	spotrf	Ctx6	spotrf	".0 .0 128.0" 
6	spotrf	Ctx7	spotrf	"105.0 105.0 105.0" 
6	spotrf	Ctx8	spotrf	"255.0 .0 255.0" 
6	spotrf	Ctx9	spotrf	".0 .0 1.0" 
20	2106.538247000	w1	WS	spotrf	16384	M64x64x4	9a17e2a6	0000000000000000	10
11	2106.540620000	t30212	US	Su
12	2106.541113000	t30212	US
11	2106.541559000	t30212	US	WA
10	2199.547194000	w1	WS	I
10	2199.549375000	w1	WS	Po
10	2199.549996000	w1	WS	B
10	2199.551884000	w1	WS	C
11	2199.553232000	w1	WS	Su
12	2199.555944000	w1	WS
10	2199.557442000	w1	WS	B
10	2199.558776000	w1	WS	C
10	2199.558993000	w1	WS	B
10	2199.562948000	w1	WS	Sc
10	2199.563883000	w1	WS	Sl
12	2207.219844000	t30212	US
11	2207.223223000	t30212	US	Su
12	2207.226753000	t30212	US
11	2207.227986000	t30212	US	Su
12	2207.229437000	t30212	US
9	2207.230279000	prog_event	p	stop_profiling
