%EventDef	PajeDefineContainerType	1
%	Alias	string
%	Type	string
%	Name	string
%EndEventDef
%EventDef	PajeDefineEventType	2
%	Alias	string
%	Type	string
%	Name	string
%EndEventDef
%EventDef	PajeDefineStateType	3
%	Alias	string
%	Type	string
%	Name	string
%EndEventDef
%EventDef	PajeDefineVariableType	4
%	Alias	string
%	Type	string
%	Name	string
%EndEventDef
%EventDef	PajeDefineLinkType	5
%	Alias	string
%	Type	string
%	StartContainerType	string
%	EndContainerType	string
%	Name	string
%EndEventDef
%EventDef	PajeDefineEntityValue	6
%	Alias	string
%	Type	string
%	Name	string
%	Color	color
%EndEventDef
%EventDef	PajeCreateContainer	7
%	Time	date
%	Alias	string
%	Type	string
%	Container	string
%	Name	string
%EndEventDef
%EventDef	PajeDestroyContainer	8
%	Time	date
%	Name	string
%	Type	string
%EndEventDef
%EventDef	PajeNewEvent	9
%	Time	date
%	Type	string
%	Container	string
%	Value	string
%EndEventDef
%EventDef PajeSetState 10
%	Time	date
%	Container	string
%	Type	string
%	Value	string
%EndEventDef
%EventDef	PajePushState	11
%	Time	date
%	Container	string
%	Type	string
%	Value	string
%EndEventDef
%EventDef	PajePopState	12
%	Time	date
%	Container	string
%	Type	string
%EndEventDef
%EventDef	PajeSetVariable	13
%	Time	date
%	Container	string
%	Type	string
%	Value	double
%EndEventDef
%EventDef	PajeAddVariable	14
%	Time	date
%	Type	string
%	Container	string
%	Value	double
%EndEventDef
%EventDef	PajeSubVariable	15
%	Time	date
%	Type	string
%	Container	string
%	Value	double
%EndEventDef
%EventDef	PajeStartLink	18
%	Time	date
%	Type	string
%	Container	string
%	Value	string
%	StartContainer	string
%	Key	string
%EndEventDef
%EventDef	PajeEndLink	19
%	Time	date
%	Type	string
%	Container	string
%	Value	string
%	EndContainer	string
%	Key	string
%EndEventDef
%EventDef PajeSetState 20
%	Time	date
%	Container	string
%	Type	string
%	Value	string
%	Size	string
%	Params	string
%	Footprint	string
%	Tag	string
%	JobId	string
%EndEventDef
                                        
1       MPIP      0       "MPI Program"                      	
1       P      MPIP       "Program"                      	
1       Mn      P       "Memory Node"                         
1       T      Mn       "Thread"                               
1       UT      P       "User Thread"                               
1       Mm      Mn       "Memory Manager"                         
1       W      T       "Worker"                               
1       MPICt   T       "MPI Communication Thread"              
1       Sc       P       "Scheduler State"                        
2       prog_event   P       "program event type"				
2       user_event   T       "user event type"				
2       thread_event   T       "thread event type"				
2       user_event   UT       "user event type"				
2       thread_event   UT       "thread event type"				
2       MPIev   MPICt    "MPI event type"			
3       S       T       "Thread State"                        
3       CtS     MPICt    "Communication Thread State"          
3       Ctx1      T     "InCtx1"         		
3       Ctx2      T     "InCtx2"         		
3       Ctx3      T     "InCtx3"         		
3       Ctx4      T     "InCtx4"         		
3       Ctx5      T     "InCtx5"         		
3       Ctx6      T     "InCtx6"         		
3       Ctx7      T     "InCtx7"         		
3       Ctx8      T     "InCtx8"         		
3       Ctx9      T     "InCtx9"         		
3       MS       Mm       "Memory Node State"                        
4       nsubmitted    Sc       "Number of Submitted Uncompleted Tasks"                        
4       nready    Sc       "Number of Ready Tasks"                        
4       bw      Mm       "Bandwidth"                        
6       I       S       Idle         ".9 .1 .0"		
6       In       S      Initializing       "0.0 .7 1.0"            
6       D       S      Deinitializing       "0.0 .1 .7"            
6       Fi       S      FetchingInput       "1.0 .1 1.0"            
6       Po       S      PushingOutput       "0.1 1.0 1.0"            
6       C       S       Callback       ".0 .3 .8"            
6       B       S       Overhead         ".5 .18 .0"		
6       E       S       Executing         ".0 .6 .5"		
6       Sc       S      Scheduling         ".7 .36 .0"		
6       Sl       S      Sleeping         ".9 .1 .0"		
6       P       S       Progressing         ".4 .1 .6"		
6       U       S       Unpartitioning      ".0 .0 1.0"		
6       H       S       Hypervisor      ".5 .18 .0"		
6       Bu      S       "Building task"   ".5 .18 .0"		
6       Su      S       "Submittings task" ".3 .09 .0"		
6       MD      S       "Decoding task for MPI" ".5 .18 .2"		
6       MPr     S       "Preparing task for MPI" ".4 .14 .2"		
6       MPo     S       "Post-processing task for MPI" ".3 .09 .2"		
3       WS       W       "Worker State"                        
6       I       WS       Idle         ".9 .1 .0"		
6       In       WS      Initializing       "0.0 .7 1.0"            
6       D       WS      Deinitializing       "0.0 .1 .7"            
6       Fi       WS      FetchingInput       "1.0 .1 1.0"            
6       Po       WS      PushingOutput       "0.1 1.0 1.0"            
6       C       WS       Callback       ".0 .3 .8"            
6       B       WS       Overhead         ".5 .18 .0"		
6       E       WS       Executing         ".0 .6 .5"		
6       Sc       WS      Scheduling         ".7 .36 .0"		
6       Sl       WS      Sleeping         ".9 .1 .0"		
6       P       WS       Progressing         ".4 .1 .6"		
6       U       WS       Unpartitioning      ".0 .0 1.0"		
6       H       WS       Hypervisor      ".5 .18 .0"		
3       US       UT       "User Thread State"                        
6       Bu      US      "Building task"   ".5 .18 .0"		
6       Su      US      "Submittings task" ".3 .09 .0"		
6       MD      US      "Decoding task for MPI" ".5 .18 .2"		
6       MPr     US      "Preparing task for MPI" ".4 .14 .2"		
6       MPo     US      "Post-processing task for MPI" ".3 .09 .2"		
6       W       US      "Waiting task" ".9 .1 .0"		
6       WA      US      "Waiting all tasks" ".9 .1 .0"		
6       No      US      Nothing ".0 .0 .0"		
6       P       CtS       Processing         "0 0 0"		
6       Sl       CtS      Sleeping         ".9 .1 .0"		
6       UT       CtS      UserTesting        ".2 .1 .6"	
6       UW       CtS      UserWaiting        ".4 .1 .3"	
6       SdS       CtS      SendSubmitted     "1.0 .1 1.0"	
6       RvS       CtS      RecieveSubmitted  "0.1 1.0 1.0"	
6       SdC       CtS      SendCompleted     "1.0 .5 1.0"	
6       RvC       CtS      ReceiveCompleted  "0.5 1.0 1.0"	
6       Bu      CtS      "Building task"   ".5 .18 .0"		
6       Su      CtS      "Submittings task" ".3 .09 .0"		
6       I       Ctx1      Idle         ".9 .1 .0"		
6       In       Ctx1      Initializing       "0.0 .7 1.0"            
6       D       Ctx1      Deinitializing       "0.0 .1 .7"            
6       Fi       Ctx1      FetchingInput       "1.0 .1 1.0"            
6       Po       Ctx1      PushingOutput       "0.1 1.0 1.0"            
6       C       Ctx1       Callback       ".0 .3 .8"            
6       B       Ctx1       Overhead         ".5 .18 .0"		
6       E       Ctx1       Executing         ".0 .6 .5"		
6       Sc       Ctx1      Scheduling         ".7 .36 .0"		
6       Sl       Ctx1      Sleeping         ".9 .1 .0"		
6       P       Ctx1       Progressing         ".4 .1 .6"		
6       U       Ctx1       Unpartitioning         ".0 .0 1.0"	
6       H       Ctx1       Hypervisor         ".5 .18 .0"		
6       I       Ctx2      Idle         ".9 .1 .0"		
6       In       Ctx2      Initializing       "0.0 .7 1.0"            
6       D       Ctx2      Deinitializing       "0.0 .1 .7"            
6       Fi       Ctx2      FetchingInput       "1.0 .1 1.0"            
6       Po       Ctx2      PushingOutput       "0.1 1.0 1.0"            
6       C       Ctx2       Callback       ".0 .3 .8"            
6       B       Ctx2       Overhead         ".5 .18 .0"		
6       E       Ctx2       Executing         ".0 .6 .5"		
6       Sc       Ctx2      Scheduling         ".7 .36 .0"		
6       Sl       Ctx2      Sleeping         ".9 .1 .0"		
6       P       Ctx2       Progressing         ".4 .1 .6"		
6       U       Ctx2       Unpartitioning         ".0 .0 1.0"	
6       H       Ctx2       Hypervisor         ".5 .18 .0"		
6       I       Ctx3      Idle         ".9 .1 .0"		
6       In       Ctx3      Initializing       "0.0 .7 1.0"            
6       D       Ctx3      Deinitializing       "0.0 .1 .7"            
6       Fi       Ctx3      FetchingInput       "1.0 .1 1.0"            
6       Po       Ctx3      PushingOutput       "0.1 1.0 1.0"            
6       C       Ctx3       Callback       ".0 .3 .8"            
6       B       Ctx3       Overhead         ".5 .18 .0"		
6       E       Ctx3       Executing         ".0 .6 .5"		
6       Sc       Ctx3      Scheduling         ".7 .36 .0"		
6       Sl       Ctx3      Sleeping         ".9 .1 .0"		
6       P       Ctx3       Progressing         ".4 .1 .6"		
6       U       Ctx3       Unpartitioning         ".0 .0 1.0"	
6       H       Ctx3       Hypervisor         ".5 .18 .0"		
6       I       Ctx4      Idle         ".9 .1 .0"		
6       In       Ctx4      Initializing       "0.0 .7 1.0"            
6       D       Ctx4      Deinitializing       "0.0 .1 .7"            
6       Fi       Ctx4      FetchingInput       "1.0 .1 1.0"            
6       Po       Ctx4      PushingOutput       "0.1 1.0 1.0"            
6       C       Ctx4       Callback       ".0 .3 .8"            
6       B       Ctx4       Overhead         ".5 .18 .0"		
6       E       Ctx4       Executing         ".0 .6 .5"		
6       Sc       Ctx4      Scheduling         ".7 .36 .0"		
6       Sl       Ctx4      Sleeping         ".9 .1 .0"		
6       P       Ctx4       Progressing         ".4 .1 .6"		
6       U       Ctx4       Unpartitioning         ".0 .0 1.0"	
6       H       Ctx4       Hypervisor         ".5 .18 .0"		
6       I       Ctx5      Idle         ".9 .1 .0"		
6       In       Ctx5      Initializing       "0.0 .7 1.0"            
6       D       Ctx5      Deinitializing       "0.0 .1 .7"            
6       Fi       Ctx5      FetchingInput       "1.0 .1 1.0"            
6       Po       Ctx5      PushingOutput       "0.1 1.0 1.0"            
6       C       Ctx5       Callback       ".0 .3 .8"            
6       B       Ctx5       Overhead         ".5 .18 .0"		
6       E       Ctx5       Executing         ".0 .6 .5"		
6       Sc       Ctx5      Scheduling         ".7 .36 .0"		
6       Sl       Ctx5      Sleeping         ".9 .1 .0"		
6       P       Ctx5       Progressing         ".4 .1 .6"		
6       U       Ctx5       Unpartitioning         ".0 .0 1.0"	
6       H       Ctx5       Hypervisor         ".5 .18 .0"		
6       I       Ctx6      Idle         ".9 .1 .0"		
6       In       Ctx6      Initializing       "0.0 .7 1.0"            
6       D       Ctx6      Deinitializing       "0.0 .1 .7"            
6       Fi       Ctx6      FetchingInput       "1.0 .1 1.0"            
6       Po       Ctx6      PushingOutput       "0.1 1.0 1.0"            
6       C       Ctx6       Callback       ".0 .3 .8"            
6       B       Ctx6       Overhead         ".5 .18 .0"		
6       E       Ctx6       Executing         ".0 .6 .5"		
6       Sc       Ctx6      Scheduling         ".7 .36 .0"		
6       Sl       Ctx6      Sleeping         ".9 .1 .0"		
6       P       Ctx6       Progressing         ".4 .1 .6"		
6       U       Ctx6       Unpartitioning         ".0 .0 1.0"	
6       H       Ctx6       Hypervisor         ".5 .18 .0"		
6       I       Ctx7      Idle         ".9 .1 .0"		
6       In       Ctx7      Initializing       "0.0 .7 1.0"            
6       D       Ctx7      Deinitializing       "0.0 .1 .7"            
6       Fi       Ctx7      FetchingInput       "1.0 .1 1.0"            
6       Po       Ctx7      PushingOutput       "0.1 1.0 1.0"            
6       C       Ctx7       Callback       ".0 .3 .8"            
6       B       Ctx7       Overhead         ".5 .18 .0"		
6       E       Ctx7       Executing         ".0 .6 .5"		
6       Sc       Ctx7      Scheduling         ".7 .36 .0"		
6       Sl       Ctx7      Sleeping         ".9 .1 .0"		
6       P       Ctx7       Progressing         ".4 .1 .6"		
6       U       Ctx7       Unpartitioning         ".0 .0 1.0"	
6       H       Ctx7       Hypervisor         ".5 .18 .0"		
6       I       Ctx8      Idle         ".9 .1 .0"		
6       In       Ctx8      Initializing       "0.0 .7 1.0"            
6       D       Ctx8      Deinitializing       "0.0 .1 .7"            
6       Fi       Ctx8      FetchingInput       "1.0 .1 1.0"            
6       Po       Ctx8      PushingOutput       "0.1 1.0 1.0"            
6       C       Ctx8       Callback       ".0 .3 .8"            
6       B       Ctx8       Overhead         ".5 .18 .0"		
6       E       Ctx8       Executing         ".0 .6 .5"		
6       Sc       Ctx8      Scheduling         ".7 .36 .0"		
6       Sl       Ctx8      Sleeping         ".9 .1 .0"		
6       P       Ctx8       Progressing         ".4 .1 .6"		
6       U       Ctx8       Unpartitioning         ".0 .0 1.0"	
6       H       Ctx8       Hypervisor         ".5 .18 .0"		
6       I       Ctx9      Idle         ".9 .1 .0"		
6       In       Ctx9      Initializing       "0.0 .7 1.0"            
6       D       Ctx9      Deinitializing       "0.0 .1 .7"            
6       Fi       Ctx9      FetchingInput       "1.0 .1 1.0"            
6       Po       Ctx9      PushingOutput       "0.1 1.0 1.0"            
6       C       Ctx9       Callback       ".0 .3 .8"            
6       B       Ctx9       Overhead         ".5 .18 .0"		
6       E       Ctx9       Executing         ".0 .6 .5"		
6       Sc       Ctx9      Scheduling         ".7 .36 .0"		
6       Sl       Ctx9      Sleeping         ".9 .1 .0"		
6       P       Ctx9       Progressing         ".4 .1 .6"		
6       U       Ctx9       Unpartitioning         ".0 .0 1.0"	
6       H       Ctx9       Hypervisor         ".5 .18 .0"		
6       A       MS      Allocating         ".4 .1 .0"		
6       Ar       MS      AllocatingReuse       ".1 .1 .8"		
6       F       MS      Freeing         ".6 .3 .0"		
6       W       MS      WritingBack         ".0 .0 .5"		
6       Wa       MS     WritingBackAsync    ".0 .0 .4"		
6       R       MS      Reclaiming         ".0 .1 .6"		
6       Co       MS     DriverCopy         ".3 .5 .1"		
6       CoA      MS     DriverCopyAsync         ".1 .3 .1"		
6       No       MS     Nothing         ".0 .0 .0"		
5       MPIL     P	MPICt	MPICt   MPIL			
5       F       P	Mm	Mm      F
5       PF      P	Mm	Mm      PF
5       IF      P	Mm	Mm      IF
5       WSL     P	W	W       WSL
7      0.0 MPIroot      MPIP      0       root
7	0.0	p	P	MPIroot	program 
7	0.000000000	sched	Sc	p	scheduler
13	0.0	sched	nsubmitted	0.0
13	0.0	sched	nready	0.0
7	1895.261909000	mn0	Mn	p	MEMNODE0
7	1895.261909000	mm0	Mm	mn0	MEMMANAGER0
13	1895.261909000	mm0	bw	0.0
7	1895.336693000	t1241	T	mn0	0
7	1895.336693000	w0	W	t1241	CPU0
10	1895.336693000	w0	WS	In
10	1895.383698000	w0	WS	B
10	1895.383698000	w0	WS	I
10	1895.400380000	w0	WS	Sc
10	1895.403314000	w0	WS	Sl
7	1895.418844000	t1242	T	mn0	2
7	1895.418844000	w1	W	t1242	CPU1
10	1895.418844000	w1	WS	In
10	1895.448011000	w1	WS	B
10	1895.448011000	w1	WS	I
10	1895.449279000	w1	WS	Sc
10	1895.450450000	w1	WS	Sl
7	1895.483178000	t1243	T	mn0	4
7	1895.483178000	w2	W	t1243	CPU2
10	1895.483178000	w2	WS	In
10	1897.016449000	w2	WS	B
10	1897.016449000	w2	WS	I
10	1897.017875000	w2	WS	Sc
10	1897.019285000	w2	WS	Sl
7	1897.040373000	t1244	T	mn0	6
7	1897.040373000	w3	W	t1244	CPU3
10	1897.040373000	w3	WS	In
10	1900.983697000	w3	WS	B
10	1900.983697000	w3	WS	I
10	1900.985287000	w3	WS	Sc
10	1900.987146000	w3	WS	Sl
7	1901.003733000	t1245	T	mn0	0
7	1901.003733000	w4	W	t1245	CPU4
10	1901.003733000	w4	WS	In
10	1904.980790000	w4	WS	B
10	1904.980790000	w4	WS	I
10	1904.981477000	w4	WS	Sc
10	1904.982336000	w4	WS	Sl
7	1905.148746000	t1246	T	mn0	2
7	1905.148746000	w5	W	t1246	CPU5
10	1905.148746000	w5	WS	In
10	1908.993001000	w5	WS	B
10	1908.993001000	w5	WS	I
10	1908.994128000	w5	WS	Sc
10	1908.995125000	w5	WS	Sl
7	1909.010457000	t1247	T	mn0	4
7	1909.010457000	w6	W	t1247	CPU6
10	1909.010457000	w6	WS	In
10	1920.969369000	w6	WS	B
10	1920.969369000	w6	WS	I
10	1920.969894000	w6	WS	Sc
10	1920.970415000	w6	WS	Sl
7	1920.984269000	t1248	T	mn0	6
7	1920.984269000	w7	W	t1248	CPU7
10	1920.984269000	w7	WS	In
10	1928.978967000	w7	WS	B
10	1928.978967000	w7	WS	I
10	1928.982718000	w7	WS	Sc
10	1928.983513000	w7	WS	Sl
9	1928.990333000	prog_event	p	stop_profiling
9	1930.822645000	prog_event	p	start_profiling
7	1930.825279000	t1229	UT	p	UserThread1229
11	1930.825279000	t1229	US	Bu
12	1930.830484000	t1229	US
11	1930.831127000	t1229	US	Su
13	1930.831819000	sched nsubmitted	1.000000
13	1930.883575000	sched	nready	1.000000
12	1930.886424000	t1229	US
13	1930.886971000	sched	nready	0.000000
13	1930.886971000	sched	nsubmitted	0.000000
10	1930.888201000	w1	WS	B
10	1930.890553000	w1	WS	Fi
11	1930.890783000	t1229	US	Su
12	1930.891325000	t1229	US
10	1930.891803000	w1	WS	B
11	1930.892132000	t1229	US	WA
6	spotrf	WS	spotrf	"0.000000 0.600000 0.400000" 
6	spotrf	Ctx1	spotrf	"255.0 102.0 255.0" 
6	spotrf	Ctx2	spotrf	".0 255.0 .0" 
6	spotrf	Ctx3	spotrf	"225.0 225.0 .0" 
6	spotrf	Ctx4	spotrf	".0 245.0 255.0" 
6	spotrf	Ctx5	spotrf	".0 .0 .0" 
6	spotrf	Ctx6	spotrf	".0 .0 128.0" 
6	spotrf	Ctx7	spotrf	"105.0 105.0 105.0" 
6	spotrf	Ctx8	spotrf	"255.0 .0 255.0" 
6	spotrf	Ctx9	spotrf	".0 .0 1.0" 
20	1930.892832000	w1	WS	spotrf	1638400	M640x640x4	afdd228b	0000000000000000	10
10	1959.817185000	w1	WS	I
10	1959.820011000	w1	WS	Po
10	1959.820843000	w1	WS	B
10	1959.823436000	w1	WS	C
11	1959.825222000	w1	WS	Su
12	1959.828842000	w1	WS
10	1959.830582000	w1	WS	B
10	1959.832040000	w1	WS	C
10	1959.832631000	w1	WS	B
10	1959.838598000	w1	WS	Sc
10	1959.839798000	w1	WS	Sl
12	1959.840250000	t1229	US
11	1959.844124000	t1229	US	Su
12	1959.847846000	t1229	US
11	1959.849151000	t1229	US	Su
12	1959.850635000	t1229	US
9	1959.851674000	prog_event	p	stop_profiling
