%EventDef	PajeDefineContainerType	1
%	Alias	string
%	Type	string
%	Name	string
%EndEventDef
%EventDef	PajeDefineEventType	2
%	Alias	string
%	Type	string
%	Name	string
%EndEventDef
%EventDef	PajeDefineStateType	3
%	Alias	string
%	Type	string
%	Name	string
%EndEventDef
%EventDef	PajeDefineVariableType	4
%	Alias	string
%	Type	string
%	Name	string
%EndEventDef
%EventDef	PajeDefineLinkType	5
%	Alias	string
%	Type	string
%	StartContainerType	string
%	EndContainerType	string
%	Name	string
%EndEventDef
%EventDef	PajeDefineEntityValue	6
%	Alias	string
%	Type	string
%	Name	string
%	Color	color
%EndEventDef
%EventDef	PajeCreateContainer	7
%	Time	date
%	Alias	string
%	Type	string
%	Container	string
%	Name	string
%EndEventDef
%EventDef	PajeDestroyContainer	8
%	Time	date
%	Name	string
%	Type	string
%EndEventDef
%EventDef	PajeNewEvent	9
%	Time	date
%	Type	string
%	Container	string
%	Value	string
%EndEventDef
%EventDef PajeSetState 10
%	Time	date
%	Container	string
%	Type	string
%	Value	string
%EndEventDef
%EventDef	PajePushState	11
%	Time	date
%	Container	string
%	Type	string
%	Value	string
%EndEventDef
%EventDef	PajePopState	12
%	Time	date
%	Container	string
%	Type	string
%EndEventDef
%EventDef	PajeSetVariable	13
%	Time	date
%	Container	string
%	Type	string
%	Value	double
%EndEventDef
%EventDef	PajeAddVariable	14
%	Time	date
%	Type	string
%	Container	string
%	Value	double
%EndEventDef
%EventDef	PajeSubVariable	15
%	Time	date
%	Type	string
%	Container	string
%	Value	double
%EndEventDef
%EventDef	PajeStartLink	18
%	Time	date
%	Type	string
%	Container	string
%	Value	string
%	StartContainer	string
%	Key	string
%EndEventDef
%EventDef	PajeEndLink	19
%	Time	date
%	Type	string
%	Container	string
%	Value	string
%	EndContainer	string
%	Key	string
%EndEventDef
%EventDef PajeSetState 20
%	Time	date
%	Container	string
%	Type	string
%	Value	string
%	Size	string
%	Params	string
%	Footprint	string
%	Tag	string
%	JobId	string
%EndEventDef
                                        
1       MPIP      0       "MPI Program"                      	
1       P      MPIP       "Program"                      	
1       Mn      P       "Memory Node"                         
1       T      Mn       "Thread"                               
1       UT      P       "User Thread"                               
1       Mm      Mn       "Memory Manager"                         
1       W      T       "Worker"                               
1       MPICt   T       "MPI Communication Thread"              
1       Sc       P       "Scheduler State"                        
2       prog_event   P       "program event type"				
2       user_event   T       "user event type"				
2       thread_event   T       "thread event type"				
2       user_event   UT       "user event type"				
2       thread_event   UT       "thread event type"				
2       MPIev   MPICt    "MPI event type"			
3       S       T       "Thread State"                        
3       CtS     MPICt    "Communication Thread State"          
3       Ctx1      T     "InCtx1"         		
3       Ctx2      T     "InCtx2"         		
3       Ctx3      T     "InCtx3"         		
3       Ctx4      T     "InCtx4"         		
3       Ctx5      T     "InCtx5"         		
3       Ctx6      T     "InCtx6"         		
3       Ctx7      T     "InCtx7"         		
3       Ctx8      T     "InCtx8"         		
3       Ctx9      T     "InCtx9"         		
3       MS       Mm       "Memory Node State"                        
4       nsubmitted    Sc       "Number of Submitted Uncompleted Tasks"                        
4       nready    Sc       "Number of Ready Tasks"                        
4       bw      Mm       "Bandwidth"                        
6       I       S       Idle         ".9 .1 .0"		
6       In       S      Initializing       "0.0 .7 1.0"            
6       D       S      Deinitializing       "0.0 .1 .7"            
6       Fi       S      FetchingInput       "1.0 .1 1.0"            
6       Po       S      PushingOutput       "0.1 1.0 1.0"            
6       C       S       Callback       ".0 .3 .8"            
6       B       S       Overhead         ".5 .18 .0"		
6       E       S       Executing         ".0 .6 .5"		
6       Sc       S      Scheduling         ".7 .36 .0"		
6       Sl       S      Sleeping         ".9 .1 .0"		
6       P       S       Progressing         ".4 .1 .6"		
6       U       S       Unpartitioning      ".0 .0 1.0"		
6       H       S       Hypervisor      ".5 .18 .0"		
6       Bu      S       "Building task"   ".5 .18 .0"		
6       Su      S       "Submittings task" ".3 .09 .0"		
6       MD      S       "Decoding task for MPI" ".5 .18 .2"		
6       MPr     S       "Preparing task for MPI" ".4 .14 .2"		
6       MPo     S       "Post-processing task for MPI" ".3 .09 .2"		
3       WS       W       "Worker State"                        
6       I       WS       Idle         ".9 .1 .0"		
6       In       WS      Initializing       "0.0 .7 1.0"            
6       D       WS      Deinitializing       "0.0 .1 .7"            
6       Fi       WS      FetchingInput       "1.0 .1 1.0"            
6       Po       WS      PushingOutput       "0.1 1.0 1.0"            
6       C       WS       Callback       ".0 .3 .8"            
6       B       WS       Overhead         ".5 .18 .0"		
6       E       WS       Executing         ".0 .6 .5"		
6       Sc       WS      Scheduling         ".7 .36 .0"		
6       Sl       WS      Sleeping         ".9 .1 .0"		
6       P       WS       Progressing         ".4 .1 .6"		
6       U       WS       Unpartitioning      ".0 .0 1.0"		
6       H       WS       Hypervisor      ".5 .18 .0"		
3       US       UT       "User Thread State"                        
6       Bu      US      "Building task"   ".5 .18 .0"		
6       Su      US      "Submittings task" ".3 .09 .0"		
6       MD      US      "Decoding task for MPI" ".5 .18 .2"		
6       MPr     US      "Preparing task for MPI" ".4 .14 .2"		
6       MPo     US      "Post-processing task for MPI" ".3 .09 .2"		
6       W       US      "Waiting task" ".9 .1 .0"		
6       WA      US      "Waiting all tasks" ".9 .1 .0"		
6       No      US      Nothing ".0 .0 .0"		
6       P       CtS       Processing         "0 0 0"		
6       Sl       CtS      Sleeping         ".9 .1 .0"		
6       UT       CtS      UserTesting        ".2 .1 .6"	
6       UW       CtS      UserWaiting        ".4 .1 .3"	
6       SdS       CtS      SendSubmitted     "1.0 .1 1.0"	
6       RvS       CtS      RecieveSubmitted  "0.1 1.0 1.0"	
6       SdC       CtS      SendCompleted     "1.0 .5 1.0"	
6       RvC       CtS      ReceiveCompleted  "0.5 1.0 1.0"	
6       Bu      CtS      "Building task"   ".5 .18 .0"		
6       Su      CtS      "Submittings task" ".3 .09 .0"		
6       I       Ctx1      Idle         ".9 .1 .0"		
6       In       Ctx1      Initializing       "0.0 .7 1.0"            
6       D       Ctx1      Deinitializing       "0.0 .1 .7"            
6       Fi       Ctx1      FetchingInput       "1.0 .1 1.0"            
6       Po       Ctx1      PushingOutput       "0.1 1.0 1.0"            
6       C       Ctx1       Callback       ".0 .3 .8"            
6       B       Ctx1       Overhead         ".5 .18 .0"		
6       E       Ctx1       Executing         ".0 .6 .5"		
6       Sc       Ctx1      Scheduling         ".7 .36 .0"		
6       Sl       Ctx1      Sleeping         ".9 .1 .0"		
6       P       Ctx1       Progressing         ".4 .1 .6"		
6       U       Ctx1       Unpartitioning         ".0 .0 1.0"	
6       H       Ctx1       Hypervisor         ".5 .18 .0"		
6       I       Ctx2      Idle         ".9 .1 .0"		
6       In       Ctx2      Initializing       "0.0 .7 1.0"            
6       D       Ctx2      Deinitializing       "0.0 .1 .7"            
6       Fi       Ctx2      FetchingInput       "1.0 .1 1.0"            
6       Po       Ctx2      PushingOutput       "0.1 1.0 1.0"            
6       C       Ctx2       Callback       ".0 .3 .8"            
6       B       Ctx2       Overhead         ".5 .18 .0"		
6       E       Ctx2       Executing         ".0 .6 .5"		
6       Sc       Ctx2      Scheduling         ".7 .36 .0"		
6       Sl       Ctx2      Sleeping         ".9 .1 .0"		
6       P       Ctx2       Progressing         ".4 .1 .6"		
6       U       Ctx2       Unpartitioning         ".0 .0 1.0"	
6       H       Ctx2       Hypervisor         ".5 .18 .0"		
6       I       Ctx3      Idle         ".9 .1 .0"		
6       In       Ctx3      Initializing       "0.0 .7 1.0"            
6       D       Ctx3      Deinitializing       "0.0 .1 .7"            
6       Fi       Ctx3      FetchingInput       "1.0 .1 1.0"            
6       Po       Ctx3      PushingOutput       "0.1 1.0 1.0"            
6       C       Ctx3       Callback       ".0 .3 .8"            
6       B       Ctx3       Overhead         ".5 .18 .0"		
6       E       Ctx3       Executing         ".0 .6 .5"		
6       Sc       Ctx3      Scheduling         ".7 .36 .0"		
6       Sl       Ctx3      Sleeping         ".9 .1 .0"		
6       P       Ctx3       Progressing         ".4 .1 .6"		
6       U       Ctx3       Unpartitioning         ".0 .0 1.0"	
6       H       Ctx3       Hypervisor         ".5 .18 .0"		
6       I       Ctx4      Idle         ".9 .1 .0"		
6       In       Ctx4      Initializing       "0.0 .7 1.0"            
6       D       Ctx4      Deinitializing       "0.0 .1 .7"            
6       Fi       Ctx4      FetchingInput       "1.0 .1 1.0"            
6       Po       Ctx4      PushingOutput       "0.1 1.0 1.0"            
6       C       Ctx4       Callback       ".0 .3 .8"            
6       B       Ctx4       Overhead         ".5 .18 .0"		
6       E       Ctx4       Executing         ".0 .6 .5"		
6       Sc       Ctx4      Scheduling         ".7 .36 .0"		
6       Sl       Ctx4      Sleeping         ".9 .1 .0"		
6       P       Ctx4       Progressing         ".4 .1 .6"		
6       U       Ctx4       Unpartitioning         ".0 .0 1.0"	
6       H       Ctx4       Hypervisor         ".5 .18 .0"		
6       I       Ctx5      Idle         ".9 .1 .0"		
6       In       Ctx5      Initializing       "0.0 .7 1.0"            
6       D       Ctx5      Deinitializing       "0.0 .1 .7"            
6       Fi       Ctx5      FetchingInput       "1.0 .1 1.0"            
6       Po       Ctx5      PushingOutput       "0.1 1.0 1.0"            
6       C       Ctx5       Callback       ".0 .3 .8"            
6       B       Ctx5       Overhead         ".5 .18 .0"		
6       E       Ctx5       Executing         ".0 .6 .5"		
6       Sc       Ctx5      Scheduling         ".7 .36 .0"		
6       Sl       Ctx5      Sleeping         ".9 .1 .0"		
6       P       Ctx5       Progressing         ".4 .1 .6"		
6       U       Ctx5       Unpartitioning         ".0 .0 1.0"	
6       H       Ctx5       Hypervisor         ".5 .18 .0"		
6       I       Ctx6      Idle         ".9 .1 .0"		
6       In       Ctx6      Initializing       "0.0 .7 1.0"            
6       D       Ctx6      Deinitializing       "0.0 .1 .7"            
6       Fi       Ctx6      FetchingInput       "1.0 .1 1.0"            
6       Po       Ctx6      PushingOutput       "0.1 1.0 1.0"            
6       C       Ctx6       Callback       ".0 .3 .8"            
6       B       Ctx6       Overhead         ".5 .18 .0"		
6       E       Ctx6       Executing         ".0 .6 .5"		
6       Sc       Ctx6      Scheduling         ".7 .36 .0"		
6       Sl       Ctx6      Sleeping         ".9 .1 .0"		
6       P       Ctx6       Progressing         ".4 .1 .6"		
6       U       Ctx6       Unpartitioning         ".0 .0 1.0"	
6       H       Ctx6       Hypervisor         ".5 .18 .0"		
6       I       Ctx7      Idle         ".9 .1 .0"		
6       In       Ctx7      Initializing       "0.0 .7 1.0"            
6       D       Ctx7      Deinitializing       "0.0 .1 .7"            
6       Fi       Ctx7      FetchingInput       "1.0 .1 1.0"            
6       Po       Ctx7      PushingOutput       "0.1 1.0 1.0"            
6       C       Ctx7       Callback       ".0 .3 .8"            
6       B       Ctx7       Overhead         ".5 .18 .0"		
6       E       Ctx7       Executing         ".0 .6 .5"		
6       Sc       Ctx7      Scheduling         ".7 .36 .0"		
6       Sl       Ctx7      Sleeping         ".9 .1 .0"		
6       P       Ctx7       Progressing         ".4 .1 .6"		
6       U       Ctx7       Unpartitioning         ".0 .0 1.0"	
6       H       Ctx7       Hypervisor         ".5 .18 .0"		
6       I       Ctx8      Idle         ".9 .1 .0"		
6       In       Ctx8      Initializing       "0.0 .7 1.0"            
6       D       Ctx8      Deinitializing       "0.0 .1 .7"            
6       Fi       Ctx8      FetchingInput       "1.0 .1 1.0"            
6       Po       Ctx8      PushingOutput       "0.1 1.0 1.0"            
6       C       Ctx8       Callback       ".0 .3 .8"            
6       B       Ctx8       Overhead         ".5 .18 .0"		
6       E       Ctx8       Executing         ".0 .6 .5"		
6       Sc       Ctx8      Scheduling         ".7 .36 .0"		
6       Sl       Ctx8      Sleeping         ".9 .1 .0"		
6       P       Ctx8       Progressing         ".4 .1 .6"		
6       U       Ctx8       Unpartitioning         ".0 .0 1.0"	
6       H       Ctx8       Hypervisor         ".5 .18 .0"		
6       I       Ctx9      Idle         ".9 .1 .0"		
6       In       Ctx9      Initializing       "0.0 .7 1.0"            
6       D       Ctx9      Deinitializing       "0.0 .1 .7"            
6       Fi       Ctx9      FetchingInput       "1.0 .1 1.0"            
6       Po       Ctx9      PushingOutput       "0.1 1.0 1.0"            
6       C       Ctx9       Callback       ".0 .3 .8"            
6       B       Ctx9       Overhead         ".5 .18 .0"		
6       E       Ctx9       Executing         ".0 .6 .5"		
6       Sc       Ctx9      Scheduling         ".7 .36 .0"		
6       Sl       Ctx9      Sleeping         ".9 .1 .0"		
6       P       Ctx9       Progressing         ".4 .1 .6"		
6       U       Ctx9       Unpartitioning         ".0 .0 1.0"	
6       H       Ctx9       Hypervisor         ".5 .18 .0"		
6       A       MS      Allocating         ".4 .1 .0"		
6       Ar       MS      AllocatingReuse       ".1 .1 .8"		
6       F       MS      Freeing         ".6 .3 .0"		
6       W       MS      WritingBack         ".0 .0 .5"		
6       Wa       MS     WritingBackAsync    ".0 .0 .4"		
6       R       MS      Reclaiming         ".0 .1 .6"		
6       Co       MS     DriverCopy         ".3 .5 .1"		
6       CoA      MS     DriverCopyAsync         ".1 .3 .1"		
6       No       MS     Nothing         ".0 .0 .0"		
5       MPIL     P	MPICt	MPICt   MPIL			
5       F       P	Mm	Mm      F
5       PF      P	Mm	Mm      PF
5       IF      P	Mm	Mm      IF
5       WSL     P	W	W       WSL
7      0.0 MPIroot      MPIP      0       root
7	0.0	p	P	MPIroot	program 
7	0.000000000	sched	Sc	p	scheduler
13	0.0	sched	nsubmitted	0.0
13	0.0	sched	nready	0.0
7	1874.475990000	mn0	Mn	p	MEMNODE0
7	1874.475990000	mm0	Mm	mn0	MEMMANAGER0
13	1874.475990000	mm0	bw	0.0
7	1874.569724000	t10812	T	mn0	0
7	1874.569724000	w0	W	t10812	CPU0
10	1874.569724000	w0	WS	In
10	1874.604506000	w0	WS	B
10	1874.604506000	w0	WS	I
10	1874.625052000	w0	WS	Sc
10	1874.632426000	w0	WS	Sl
7	1874.642971000	t10813	T	mn0	2
7	1874.642971000	w1	W	t10813	CPU1
10	1874.642971000	w1	WS	In
10	1878.550805000	w1	WS	B
10	1878.550805000	w1	WS	I
10	1878.551989000	w1	WS	Sc
10	1878.553193000	w1	WS	Sl
7	1878.572077000	t10814	T	mn0	4
7	1878.572077000	w2	W	t10814	CPU2
10	1878.572077000	w2	WS	In
10	1878.599180000	w2	WS	B
10	1878.599180000	w2	WS	I
10	1878.600166000	w2	WS	Sc
10	1878.601204000	w2	WS	Sl
7	1878.636864000	t10815	T	mn0	6
7	1878.636864000	w3	W	t10815	CPU3
10	1878.636864000	w3	WS	In
10	1878.692851000	w3	WS	B
10	1878.692851000	w3	WS	I
10	1878.694113000	w3	WS	Sc
10	1878.695637000	w3	WS	Sl
7	1878.708924000	t10816	T	mn0	0
7	1878.708924000	w4	W	t10816	CPU4
10	1878.708924000	w4	WS	In
10	1886.535881000	w4	WS	B
10	1886.535881000	w4	WS	I
10	1886.536574000	w4	WS	Sc
10	1886.537236000	w4	WS	Sl
7	1886.551523000	t10817	T	mn0	2
7	1886.551523000	w5	W	t10817	CPU5
10	1886.551523000	w5	WS	In
10	1890.543405000	w5	WS	B
10	1890.543405000	w5	WS	I
10	1890.544188000	w5	WS	Sc
10	1890.545108000	w5	WS	Sl
7	1890.572363000	t10818	T	mn0	4
7	1890.572363000	w6	W	t10818	CPU6
10	1890.572363000	w6	WS	In
10	1898.536220000	w6	WS	B
10	1898.536220000	w6	WS	I
10	1898.536970000	w6	WS	Sc
10	1898.537704000	w6	WS	Sl
7	1898.574174000	t10819	T	mn0	6
7	1898.574174000	w7	W	t10819	CPU7
10	1898.574174000	w7	WS	In
10	1910.535746000	w7	WS	B
10	1910.535746000	w7	WS	I
10	1910.537400000	w7	WS	Sc
10	1910.538172000	w7	WS	Sl
9	1910.546147000	prog_event	p	stop_profiling
9	1911.429879000	prog_event	p	start_profiling
7	1911.448385000	t10716	UT	p	UserThread10716
11	1911.448385000	t10716	US	Bu
12	1911.453653000	t10716	US
11	1911.454147000	t10716	US	Su
13	1911.454829000	sched nsubmitted	1.000000
13	1911.502100000	sched	nready	1.000000
18	1918.537956000	WSL	p	0	w1	steal_0
19	1918.537956001	WSL	p	0	w7	steal_0
12	1918.538448000	t10716	US
13	1918.539709000	sched	nready	0.000000
13	1918.539709000	sched	nsubmitted	0.000000
10	1918.540418000	w7	WS	B
10	1918.540961000	w7	WS	Fi
10	1918.543391000	mm0	MS	Ar
10	1918.543832000	mm0	MS	No
10	1918.544185000	mm0	MS	A
11	1918.544296000	t10716	US	Su
11	1918.545599000	t10716	US	C
12	1918.546079000	t10716	US
10	1918.546894000	mm0	MS	No
12	1918.547987000	t10716	US
10	1918.548035000	w7	WS	B
6	sgeqrt	WS	sgeqrt	"0.000000 0.600000 0.400000" 
6	sgeqrt	Ctx1	sgeqrt	"255.0 102.0 255.0" 
6	sgeqrt	Ctx2	sgeqrt	".0 255.0 .0" 
6	sgeqrt	Ctx3	sgeqrt	"225.0 225.0 .0" 
6	sgeqrt	Ctx4	sgeqrt	".0 245.0 255.0" 
6	sgeqrt	Ctx5	sgeqrt	".0 .0 .0" 
6	sgeqrt	Ctx6	sgeqrt	".0 .0 128.0" 
6	sgeqrt	Ctx7	sgeqrt	"105.0 105.0 105.0" 
6	sgeqrt	Ctx8	sgeqrt	"255.0 .0 255.0" 
6	sgeqrt	Ctx9	sgeqrt	".0 .0 1.0" 
11	1918.556248000	t10716	US	WA
20	1918.548865000	w7	WS	sgeqrt	492800	M320x320x4_M32x320x4_V42240x1	b7e5cdac	0000000000000000	10
10	1968.518757000	w7	WS	I
10	1968.521088000	w7	WS	Po
11	1968.523369000	w7	WS	Su
12	1968.528108000	w7	WS
10	1968.529150000	w7	WS	B
10	1968.531748000	mm0	MS	F
10	1968.532858000	mm0	MS	No
10	1968.534469000	w7	WS	C
10	1968.534707000	w7	WS	B
10	1968.539819000	w7	WS	Sc
10	1968.540759000	w7	WS	Sl
12	1968.541904000	t10716	US
11	1968.545912000	t10716	US	Su
12	1968.548821000	t10716	US
11	1968.550217000	t10716	US	Su
12	1968.551556000	t10716	US
9	1968.552876000	prog_event	p	stop_profiling
